Open5GS daemon v2.4.4-10-g757285b

02/20 20:41:47.225: [app] INFO: Configuration: '/open5gs/install/etc/open5gs/bsf.yaml' (../lib/app/ogs-init.c:129)
02/20 20:41:47.225: [app] INFO: File Logging: '/open5gs/install/var/log/open5gs/bsf.log' (../lib/app/ogs-init.c:132)
02/20 20:41:47.227: [sbi] INFO: nghttp2_server() [172.22.0.29]:7777 (../lib/sbi/nghttp2-server.c:144)
02/20 20:41:47.228: [app] INFO: BSF initialize...done (../src/bsf/app.c:31)
02/20 20:41:47.229: [bsf] INFO: [d94c40a8-9252-41ec-b1a9-b7d1fdf96e13] NF registred [Heartbeat:10s] (../src/bsf/nf-sm.c:199)
Open5GS daemon v2.4.4-10-g757285b

02/25 23:40:05.071: [app] INFO: Configuration: '/open5gs/install/etc/open5gs/bsf.yaml' (../lib/app/ogs-init.c:129)
02/25 23:40:05.071: [app] INFO: File Logging: '/open5gs/install/var/log/open5gs/bsf.log' (../lib/app/ogs-init.c:132)
02/25 23:40:05.073: [sbi] INFO: nghttp2_server() [172.22.0.29]:7777 (../lib/sbi/nghttp2-server.c:144)
02/25 23:40:05.073: [app] INFO: BSF initialize...done (../src/bsf/app.c:31)
02/25 23:40:05.074: [bsf] INFO: [95c6a53e-9659-41ec-98b8-0982bcd39ca5] NF registred [Heartbeat:10s] (../src/bsf/nf-sm.c:199)
Open5GS daemon v2.4.4-10-g757285b

02/26 17:00:54.002: [app] INFO: Configuration: '/open5gs/install/etc/open5gs/bsf.yaml' (../lib/app/ogs-init.c:129)
02/26 17:00:54.002: [app] INFO: File Logging: '/open5gs/install/var/log/open5gs/bsf.log' (../lib/app/ogs-init.c:132)
02/26 17:00:54.004: [sbi] INFO: nghttp2_server() [172.22.0.29]:7777 (../lib/sbi/nghttp2-server.c:144)
02/26 17:00:54.005: [app] INFO: BSF initialize...done (../src/bsf/app.c:31)
02/26 17:00:54.006: [bsf] INFO: [fc3d62c6-96ea-41ec-8b03-a1cfdd42a3a0] NF registred [Heartbeat:10s] (../src/bsf/nf-sm.c:199)
Open5GS daemon v2.4.4-10-g757285b

02/26 17:09:22.044: [app] INFO: Configuration: '/open5gs/install/etc/open5gs/bsf.yaml' (../lib/app/ogs-init.c:129)
02/26 17:09:22.044: [app] INFO: File Logging: '/open5gs/install/var/log/open5gs/bsf.log' (../lib/app/ogs-init.c:132)
02/26 17:09:22.045: [sbi] INFO: nghttp2_server() [172.22.0.29]:7777 (../lib/sbi/nghttp2-server.c:144)
02/26 17:09:22.045: [app] INFO: BSF initialize...done (../src/bsf/app.c:31)
02/26 17:09:22.046: [bsf] INFO: [2b0e57d0-96ec-41ec-adf0-6dd05fbd030a] NF registred [Heartbeat:10s] (../src/bsf/nf-sm.c:199)
Open5GS daemon v2.4.4-10-g757285b

02/26 21:05:20.944: [app] INFO: Configuration: '/open5gs/install/etc/open5gs/bsf.yaml' (../lib/app/ogs-init.c:129)
02/26 21:05:20.944: [app] INFO: File Logging: '/open5gs/install/var/log/open5gs/bsf.log' (../lib/app/ogs-init.c:132)
02/26 21:05:20.945: [sbi] INFO: nghttp2_server() [172.22.0.29]:7777 (../lib/sbi/nghttp2-server.c:144)
02/26 21:05:20.945: [app] INFO: BSF initialize...done (../src/bsf/app.c:31)
02/26 21:05:20.947: [bsf] INFO: [226b08aa-970d-41ec-9173-375f97325d6a] NF registred [Heartbeat:10s] (../src/bsf/nf-sm.c:199)
02/26 22:06:51.330: [bsf] ERROR: Not found [/nbsf-management/v1/pcfBindings/47] (../src/bsf/bsf-sm.c:164)
02/26 22:16:16.296: [bsf] ERROR: Not found [/nbsf-management/v1/pcfBindings/48] (../src/bsf/bsf-sm.c:164)
02/26 22:53:53.585: [bsf] ERROR: Not found [/nbsf-management/v1/pcfBindings/48] (../src/bsf/bsf-sm.c:164)
02/26 22:53:55.252: [bsf] ERROR: Not found [/nbsf-management/v1/pcfBindings/49] (../src/bsf/bsf-sm.c:164)
02/26 22:53:57.370: [bsf] ERROR: Not found [/nbsf-management/v1/pcfBindings/48] (../src/bsf/bsf-sm.c:164)
02/26 22:53:57.841: [bsf] ERROR: Not found [/nbsf-management/v1/pcfBindings/49] (../src/bsf/bsf-sm.c:164)
02/26 22:56:14.823: [bsf] ERROR: Not found [/nbsf-management/v1/pcfBindings/49] (../src/bsf/bsf-sm.c:164)
02/26 22:56:17.735: [bsf] ERROR: Not found [/nbsf-management/v1/pcfBindings/50] (../src/bsf/bsf-sm.c:164)
02/26 22:56:17.768: [bsf] ERROR: Not found [/nbsf-management/v1/pcfBindings/50] (../src/bsf/bsf-sm.c:164)
02/26 22:56:18.392: [bsf] ERROR: Not found [/nbsf-management/v1/pcfBindings/50] (../src/bsf/bsf-sm.c:164)
02/26 22:56:18.823: [bsf] ERROR: Not found [/nbsf-management/v1/pcfBindings/49] (../src/bsf/bsf-sm.c:164)
02/26 22:56:19.049: [bsf] ERROR: Not found [/nbsf-management/v1/pcfBindings/50] (../src/bsf/bsf-sm.c:164)
02/26 22:56:19.288: [bsf] ERROR: Not found [/nbsf-management/v1/pcfBindings/50] (../src/bsf/bsf-sm.c:164)
02/26 22:56:19.288: [bsf] ERROR: Not found [/nbsf-management/v1/pcfBindings/50] (../src/bsf/bsf-sm.c:164)
02/26 22:56:19.326: [bsf] ERROR: Not found [/nbsf-management/v1/pcfBindings/50] (../src/bsf/bsf-sm.c:164)
02/26 22:56:19.599: [bsf] ERROR: Not found [/nbsf-management/v1/pcfBindings/49] (../src/bsf/bsf-sm.c:164)
02/26 22:56:19.828: [bsf] ERROR: Not found [/nbsf-management/v1/pcfBindings/49] (../src/bsf/bsf-sm.c:164)
02/26 22:56:20.252: [bsf] ERROR: Not found [/nbsf-management/v1/pcfBindings/50] (../src/bsf/bsf-sm.c:164)
02/26 22:56:20.268: [bsf] ERROR: Not found [/nbsf-management/v1/pcfBindings/49] (../src/bsf/bsf-sm.c:164)
02/26 22:56:20.523: [bsf] ERROR: Not found [/nbsf-management/v1/pcfBindings/50] (../src/bsf/bsf-sm.c:164)
02/26 22:56:20.747: [bsf] ERROR: Not found [/nbsf-management/v1/pcfBindings/50] (../src/bsf/bsf-sm.c:164)
02/26 22:56:21.189: [bsf] ERROR: Not found [/nbsf-management/v1/pcfBindings/49] (../src/bsf/bsf-sm.c:164)
02/26 22:56:21.404: [bsf] ERROR: Not found [/nbsf-management/v1/pcfBindings/50] (../src/bsf/bsf-sm.c:164)
02/26 22:56:21.628: [bsf] ERROR: Not found [/nbsf-management/v1/pcfBindings/49] (../src/bsf/bsf-sm.c:164)
02/26 22:56:21.628: [bsf] ERROR: Not found [/nbsf-management/v1/pcfBindings/50] (../src/bsf/bsf-sm.c:164)
02/26 22:56:22.186: [bsf] ERROR: Not found [/nbsf-management/v1/pcfBindings/49] (../src/bsf/bsf-sm.c:164)
02/26 22:56:22.403: [bsf] ERROR: Not found [/nbsf-management/v1/pcfBindings/49] (../src/bsf/bsf-sm.c:164)
02/26 22:56:22.616: [bsf] ERROR: Not found [/nbsf-management/v1/pcfBindings/50] (../src/bsf/bsf-sm.c:164)
02/26 22:56:22.616: [bsf] ERROR: Not found [/nbsf-management/v1/pcfBindings/50] (../src/bsf/bsf-sm.c:164)
02/26 22:56:23.264: [bsf] ERROR: Not found [/nbsf-management/v1/pcfBindings/50] (../src/bsf/bsf-sm.c:164)
02/26 22:56:23.269: [bsf] ERROR: Not found [/nbsf-management/v1/pcfBindings/50] (../src/bsf/bsf-sm.c:164)
02/26 22:56:23.508: [bsf] ERROR: Not found [/nbsf-management/v1/pcfBindings/50] (../src/bsf/bsf-sm.c:164)
02/26 22:56:23.509: [bsf] ERROR: Not found [/nbsf-management/v1/pcfBindings/49] (../src/bsf/bsf-sm.c:164)
02/26 22:56:23.977: [bsf] ERROR: Not found [/nbsf-management/v1/pcfBindings/50] (../src/bsf/bsf-sm.c:164)
02/26 22:56:25.801: [bsf] ERROR: Not found [/nbsf-management/v1/pcfBindings/50] (../src/bsf/bsf-sm.c:164)
02/26 22:56:26.036: [bsf] ERROR: Not found [/nbsf-management/v1/pcfBindings/50] (../src/bsf/bsf-sm.c:164)
02/26 22:56:29.589: [bsf] ERROR: Not found [/nbsf-management/v1/pcfBindings/49] (../src/bsf/bsf-sm.c:164)
02/26 22:56:31.173: [bsf] ERROR: Not found [/nbsf-management/v1/pcfBindings/50] (../src/bsf/bsf-sm.c:164)
02/26 22:56:32.607: [bsf] ERROR: Not found [/nbsf-management/v1/pcfBindings/49] (../src/bsf/bsf-sm.c:164)
02/26 22:56:33.067: [bsf] ERROR: Not found [/nbsf-management/v1/pcfBindings/50] (../src/bsf/bsf-sm.c:164)
02/26 22:56:33.287: [bsf] ERROR: Not found [/nbsf-management/v1/pcfBindings/50] (../src/bsf/bsf-sm.c:164)
02/26 22:56:33.287: [bsf] ERROR: Not found [/nbsf-management/v1/pcfBindings/49] (../src/bsf/bsf-sm.c:164)
02/26 22:56:33.548: [bsf] ERROR: Not found [/nbsf-management/v1/pcfBindings/49] (../src/bsf/bsf-sm.c:164)
02/26 22:56:33.767: [bsf] ERROR: Not found [/nbsf-management/v1/pcfBindings/50] (../src/bsf/bsf-sm.c:164)
02/26 22:56:34.189: [bsf] ERROR: Not found [/nbsf-management/v1/pcfBindings/50] (../src/bsf/bsf-sm.c:164)
02/26 22:56:34.189: [bsf] ERROR: Not found [/nbsf-management/v1/pcfBindings/49] (../src/bsf/bsf-sm.c:164)
02/26 22:56:34.408: [bsf] ERROR: Not found [/nbsf-management/v1/pcfBindings/49] (../src/bsf/bsf-sm.c:164)
02/26 22:56:35.066: [bsf] ERROR: Not found [/nbsf-management/v1/pcfBindings/49] (../src/bsf/bsf-sm.c:164)
02/26 22:56:35.301: [bsf] ERROR: Not found [/nbsf-management/v1/pcfBindings/50] (../src/bsf/bsf-sm.c:164)
02/26 22:56:35.302: [bsf] ERROR: Not found [/nbsf-management/v1/pcfBindings/49] (../src/bsf/bsf-sm.c:164)
02/26 22:56:35.302: [bsf] ERROR: Not found [/nbsf-management/v1/pcfBindings/49] (../src/bsf/bsf-sm.c:164)
02/26 22:56:36.221: [bsf] ERROR: Not found [/nbsf-management/v1/pcfBindings/49] (../src/bsf/bsf-sm.c:164)
02/26 23:36:16.412: [bsf] ERROR: Not found [/nbsf-management/v1/pcfBindings/51] (../src/bsf/bsf-sm.c:164)
02/26 23:36:16.413: [bsf] ERROR: Not found [/nbsf-management/v1/pcfBindings/51] (../src/bsf/bsf-sm.c:164)
02/26 23:36:16.445: [bsf] ERROR: Not found [/nbsf-management/v1/pcfBindings/51] (../src/bsf/bsf-sm.c:164)
02/26 23:36:16.911: [bsf] ERROR: Not found [/nbsf-management/v1/pcfBindings/51] (../src/bsf/bsf-sm.c:164)
02/26 23:36:17.360: [bsf] ERROR: Not found [/nbsf-management/v1/pcfBindings/51] (../src/bsf/bsf-sm.c:164)
02/26 23:36:17.360: [bsf] ERROR: Not found [/nbsf-management/v1/pcfBindings/51] (../src/bsf/bsf-sm.c:164)
02/26 23:36:17.417: [bsf] ERROR: Not found [/nbsf-management/v1/pcfBindings/51] (../src/bsf/bsf-sm.c:164)
02/26 23:36:17.681: [bsf] ERROR: Not found [/nbsf-management/v1/pcfBindings/51] (../src/bsf/bsf-sm.c:164)
02/26 23:36:18.120: [bsf] ERROR: Not found [/nbsf-management/v1/pcfBindings/51] (../src/bsf/bsf-sm.c:164)
02/26 23:36:18.591: [bsf] ERROR: Not found [/nbsf-management/v1/pcfBindings/51] (../src/bsf/bsf-sm.c:164)
02/26 23:36:18.851: [bsf] ERROR: Not found [/nbsf-management/v1/pcfBindings/51] (../src/bsf/bsf-sm.c:164)
02/26 23:36:19.804: [bsf] ERROR: Not found [/nbsf-management/v1/pcfBindings/51] (../src/bsf/bsf-sm.c:164)
02/26 23:36:19.855: [bsf] ERROR: Not found [/nbsf-management/v1/pcfBindings/51] (../src/bsf/bsf-sm.c:164)
02/26 23:36:20.295: [bsf] ERROR: Not found [/nbsf-management/v1/pcfBindings/51] (../src/bsf/bsf-sm.c:164)
02/26 23:36:20.512: [bsf] ERROR: Not found [/nbsf-management/v1/pcfBindings/51] (../src/bsf/bsf-sm.c:164)
02/26 23:36:20.807: [bsf] ERROR: Not found [/nbsf-management/v1/pcfBindings/51] (../src/bsf/bsf-sm.c:164)
02/26 23:36:21.253: [bsf] ERROR: Not found [/nbsf-management/v1/pcfBindings/51] (../src/bsf/bsf-sm.c:164)
02/26 23:36:21.928: [bsf] ERROR: Not found [/nbsf-management/v1/pcfBindings/51] (../src/bsf/bsf-sm.c:164)
02/26 23:36:22.674: [bsf] ERROR: Not found [/nbsf-management/v1/pcfBindings/51] (../src/bsf/bsf-sm.c:164)
02/26 23:36:23.148: [bsf] ERROR: Not found [/nbsf-management/v1/pcfBindings/51] (../src/bsf/bsf-sm.c:164)
02/26 23:36:23.388: [bsf] ERROR: Not found [/nbsf-management/v1/pcfBindings/51] (../src/bsf/bsf-sm.c:164)
02/26 23:36:24.055: [bsf] ERROR: Not found [/nbsf-management/v1/pcfBindings/51] (../src/bsf/bsf-sm.c:164)
02/26 23:36:24.297: [bsf] ERROR: Not found [/nbsf-management/v1/pcfBindings/50] (../src/bsf/bsf-sm.c:164)
02/26 23:36:24.736: [bsf] ERROR: Not found [/nbsf-management/v1/pcfBindings/51] (../src/bsf/bsf-sm.c:164)
02/26 23:36:24.984: [bsf] ERROR: Not found [/nbsf-management/v1/pcfBindings/51] (../src/bsf/bsf-sm.c:164)
02/26 23:36:25.643: [bsf] ERROR: Not found [/nbsf-management/v1/pcfBindings/51] (../src/bsf/bsf-sm.c:164)
02/26 23:36:26.293: [bsf] ERROR: Not found [/nbsf-management/v1/pcfBindings/51] (../src/bsf/bsf-sm.c:164)
02/26 23:36:26.843: [bsf] ERROR: Not found [/nbsf-management/v1/pcfBindings/51] (../src/bsf/bsf-sm.c:164)
02/26 23:36:27.303: [bsf] ERROR: Not found [/nbsf-management/v1/pcfBindings/51] (../src/bsf/bsf-sm.c:164)
02/26 23:36:27.524: [bsf] ERROR: Not found [/nbsf-management/v1/pcfBindings/51] (../src/bsf/bsf-sm.c:164)
02/26 23:36:27.744: [bsf] ERROR: Not found [/nbsf-management/v1/pcfBindings/51] (../src/bsf/bsf-sm.c:164)
02/26 23:36:28.003: [bsf] ERROR: Not found [/nbsf-management/v1/pcfBindings/51] (../src/bsf/bsf-sm.c:164)
02/26 23:36:28.010: [bsf] ERROR: Not found [/nbsf-management/v1/pcfBindings/51] (../src/bsf/bsf-sm.c:164)
02/26 23:36:28.017: [bsf] ERROR: Not found [/nbsf-management/v1/pcfBindings/51] (../src/bsf/bsf-sm.c:164)
02/26 23:36:28.272: [bsf] ERROR: Not found [/nbsf-management/v1/pcfBindings/51] (../src/bsf/bsf-sm.c:164)
02/26 23:36:28.273: [bsf] ERROR: Not found [/nbsf-management/v1/pcfBindings/51] (../src/bsf/bsf-sm.c:164)
02/26 23:36:28.496: [bsf] ERROR: Not found [/nbsf-management/v1/pcfBindings/51] (../src/bsf/bsf-sm.c:164)
02/26 23:36:28.496: [bsf] ERROR: Not found [/nbsf-management/v1/pcfBindings/51] (../src/bsf/bsf-sm.c:164)
02/26 23:36:28.496: [bsf] ERROR: Not found [/nbsf-management/v1/pcfBindings/51] (../src/bsf/bsf-sm.c:164)
02/26 23:36:28.569: [bsf] ERROR: Not found [/nbsf-management/v1/pcfBindings/51] (../src/bsf/bsf-sm.c:164)
02/26 23:36:29.331: [bsf] ERROR: Not found [/nbsf-management/v1/pcfBindings/51] (../src/bsf/bsf-sm.c:164)
02/26 23:36:29.571: [bsf] ERROR: Not found [/nbsf-management/v1/pcfBindings/51] (../src/bsf/bsf-sm.c:164)
02/26 23:36:29.571: [bsf] ERROR: Not found [/nbsf-management/v1/pcfBindings/51] (../src/bsf/bsf-sm.c:164)
02/26 23:36:30.421: [bsf] ERROR: Not found [/nbsf-management/v1/pcfBindings/51] (../src/bsf/bsf-sm.c:164)
02/26 23:36:31.478: [bsf] ERROR: Not found [/nbsf-management/v1/pcfBindings/51] (../src/bsf/bsf-sm.c:164)
02/26 23:36:32.481: [bsf] ERROR: Not found [/nbsf-management/v1/pcfBindings/51] (../src/bsf/bsf-sm.c:164)
02/26 23:36:33.007: [bsf] ERROR: Not found [/nbsf-management/v1/pcfBindings/51] (../src/bsf/bsf-sm.c:164)
02/26 23:40:56.965: [bsf] ERROR: Not found [/nbsf-management/v1/pcfBindings/52] (../src/bsf/bsf-sm.c:164)
02/26 23:40:57.408: [bsf] ERROR: Not found [/nbsf-management/v1/pcfBindings/52] (../src/bsf/bsf-sm.c:164)
02/26 23:40:57.648: [bsf] ERROR: Not found [/nbsf-management/v1/pcfBindings/52] (../src/bsf/bsf-sm.c:164)
02/26 23:40:57.869: [bsf] ERROR: Not found [/nbsf-management/v1/pcfBindings/52] (../src/bsf/bsf-sm.c:164)
02/26 23:40:58.124: [bsf] ERROR: Not found [/nbsf-management/v1/pcfBindings/52] (../src/bsf/bsf-sm.c:164)
02/26 23:40:58.125: [bsf] ERROR: Not found [/nbsf-management/v1/pcfBindings/52] (../src/bsf/bsf-sm.c:164)
02/26 23:40:59.044: [bsf] ERROR: Not found [/nbsf-management/v1/pcfBindings/52] (../src/bsf/bsf-sm.c:164)
02/26 23:40:59.272: [bsf] ERROR: Not found [/nbsf-management/v1/pcfBindings/52] (../src/bsf/bsf-sm.c:164)
02/26 23:40:59.504: [bsf] ERROR: Not found [/nbsf-management/v1/pcfBindings/52] (../src/bsf/bsf-sm.c:164)
02/26 23:40:59.725: [bsf] ERROR: Not found [/nbsf-management/v1/pcfBindings/52] (../src/bsf/bsf-sm.c:164)
02/26 23:40:59.940: [bsf] ERROR: Not found [/nbsf-management/v1/pcfBindings/52] (../src/bsf/bsf-sm.c:164)
02/26 23:40:59.940: [bsf] ERROR: Not found [/nbsf-management/v1/pcfBindings/52] (../src/bsf/bsf-sm.c:164)
02/26 23:41:00.255: [bsf] ERROR: Not found [/nbsf-management/v1/pcfBindings/52] (../src/bsf/bsf-sm.c:164)
02/26 23:41:00.748: [bsf] ERROR: Not found [/nbsf-management/v1/pcfBindings/52] (../src/bsf/bsf-sm.c:164)
02/26 23:41:01.006: [bsf] ERROR: Not found [/nbsf-management/v1/pcfBindings/52] (../src/bsf/bsf-sm.c:164)
02/26 23:41:01.006: [bsf] ERROR: Not found [/nbsf-management/v1/pcfBindings/52] (../src/bsf/bsf-sm.c:164)
02/26 23:41:01.919: [bsf] ERROR: Not found [/nbsf-management/v1/pcfBindings/52] (../src/bsf/bsf-sm.c:164)
02/26 23:41:03.360: [bsf] ERROR: Not found [/nbsf-management/v1/pcfBindings/52] (../src/bsf/bsf-sm.c:164)
02/26 23:41:03.360: [bsf] ERROR: Not found [/nbsf-management/v1/pcfBindings/52] (../src/bsf/bsf-sm.c:164)
02/26 23:41:03.575: [bsf] ERROR: Not found [/nbsf-management/v1/pcfBindings/52] (../src/bsf/bsf-sm.c:164)
02/26 23:41:03.576: [bsf] ERROR: Not found [/nbsf-management/v1/pcfBindings/52] (../src/bsf/bsf-sm.c:164)
02/26 23:41:03.855: [bsf] ERROR: Not found [/nbsf-management/v1/pcfBindings/52] (../src/bsf/bsf-sm.c:164)
02/26 23:41:04.080: [bsf] ERROR: Not found [/nbsf-management/v1/pcfBindings/52] (../src/bsf/bsf-sm.c:164)
02/26 23:41:05.014: [bsf] ERROR: Not found [/nbsf-management/v1/pcfBindings/54] (../src/bsf/bsf-sm.c:164)
02/26 23:41:05.232: [bsf] ERROR: Not found [/nbsf-management/v1/pcfBindings/52] (../src/bsf/bsf-sm.c:164)
02/26 23:41:05.233: [bsf] ERROR: Not found [/nbsf-management/v1/pcfBindings/55] (../src/bsf/bsf-sm.c:164)
02/26 23:41:06.090: [bsf] ERROR: Not found [/nbsf-management/v1/pcfBindings/52] (../src/bsf/bsf-sm.c:164)
02/26 23:41:06.584: [bsf] ERROR: Not found [/nbsf-management/v1/pcfBindings/53] (../src/bsf/bsf-sm.c:164)
02/26 23:41:07.148: [bsf] ERROR: Not found [/nbsf-management/v1/pcfBindings/53] (../src/bsf/bsf-sm.c:164)
02/26 23:41:07.371: [bsf] ERROR: Not found [/nbsf-management/v1/pcfBindings/55] (../src/bsf/bsf-sm.c:164)
02/26 23:41:07.981: [bsf] ERROR: Not found [/nbsf-management/v1/pcfBindings/54] (../src/bsf/bsf-sm.c:164)
02/26 23:41:08.807: [bsf] ERROR: Not found [/nbsf-management/v1/pcfBindings/54] (../src/bsf/bsf-sm.c:164)
02/26 23:41:08.823: [bsf] ERROR: Not found [/nbsf-management/v1/pcfBindings/55] (../src/bsf/bsf-sm.c:164)
02/26 23:41:09.255: [bsf] ERROR: Not found [/nbsf-management/v1/pcfBindings/52] (../src/bsf/bsf-sm.c:164)
02/26 23:41:10.270: [bsf] ERROR: Not found [/nbsf-management/v1/pcfBindings/52] (../src/bsf/bsf-sm.c:164)
02/26 23:41:11.235: [bsf] ERROR: Not found [/nbsf-management/v1/pcfBindings/55] (../src/bsf/bsf-sm.c:164)
02/26 23:41:11.720: [bsf] ERROR: Not found [/nbsf-management/v1/pcfBindings/56] (../src/bsf/bsf-sm.c:164)
02/26 23:41:12.412: [bsf] ERROR: Not found [/nbsf-management/v1/pcfBindings/55] (../src/bsf/bsf-sm.c:164)
02/26 23:41:12.687: [bsf] ERROR: Not found [/nbsf-management/v1/pcfBindings/52] (../src/bsf/bsf-sm.c:164)
02/26 23:41:12.749: [bsf] ERROR: Not found [/nbsf-management/v1/pcfBindings/52] (../src/bsf/bsf-sm.c:164)
02/26 23:41:12.980: [bsf] ERROR: Not found [/nbsf-management/v1/pcfBindings/54] (../src/bsf/bsf-sm.c:164)
02/26 23:41:13.411: [bsf] ERROR: Not found [/nbsf-management/v1/pcfBindings/55] (../src/bsf/bsf-sm.c:164)
02/26 23:41:14.352: [bsf] ERROR: Not found [/nbsf-management/v1/pcfBindings/52] (../src/bsf/bsf-sm.c:164)
02/26 23:41:14.891: [bsf] ERROR: Not found [/nbsf-management/v1/pcfBindings/52] (../src/bsf/bsf-sm.c:164)
02/26 23:55:08.635: [bsf] ERROR: Not found [/nbsf-management/v1/pcfBindings/59] (../src/bsf/bsf-sm.c:164)
02/26 23:55:09.683: [bsf] ERROR: Not found [/nbsf-management/v1/pcfBindings/60] (../src/bsf/bsf-sm.c:164)
02/26 23:55:10.144: [bsf] ERROR: Not found [/nbsf-management/v1/pcfBindings/59] (../src/bsf/bsf-sm.c:164)
02/26 23:55:10.584: [bsf] ERROR: Not found [/nbsf-management/v1/pcfBindings/58] (../src/bsf/bsf-sm.c:164)
02/26 23:55:10.584: [bsf] ERROR: Not found [/nbsf-management/v1/pcfBindings/59] (../src/bsf/bsf-sm.c:164)
02/26 23:55:11.239: [bsf] ERROR: Not found [/nbsf-management/v1/pcfBindings/59] (../src/bsf/bsf-sm.c:164)
02/26 23:55:12.121: [bsf] ERROR: Not found [/nbsf-management/v1/pcfBindings/60] (../src/bsf/bsf-sm.c:164)
02/26 23:55:12.571: [bsf] ERROR: Not found [/nbsf-management/v1/pcfBindings/59] (../src/bsf/bsf-sm.c:164)
02/26 23:55:13.468: [bsf] ERROR: Not found [/nbsf-management/v1/pcfBindings/60] (../src/bsf/bsf-sm.c:164)
02/26 23:55:13.887: [bsf] ERROR: Not found [/nbsf-management/v1/pcfBindings/58] (../src/bsf/bsf-sm.c:164)
02/26 23:55:14.120: [bsf] ERROR: Not found [/nbsf-management/v1/pcfBindings/59] (../src/bsf/bsf-sm.c:164)
02/26 23:55:14.120: [bsf] ERROR: Not found [/nbsf-management/v1/pcfBindings/59] (../src/bsf/bsf-sm.c:164)
02/26 23:55:14.336: [bsf] ERROR: Not found [/nbsf-management/v1/pcfBindings/59] (../src/bsf/bsf-sm.c:164)
02/26 23:55:15.646: [bsf] ERROR: Not found [/nbsf-management/v1/pcfBindings/60] (../src/bsf/bsf-sm.c:164)
02/26 23:55:16.971: [bsf] ERROR: Not found [/nbsf-management/v1/pcfBindings/61] (../src/bsf/bsf-sm.c:164)
02/26 23:55:17.480: [bsf] ERROR: Not found [/nbsf-management/v1/pcfBindings/60] (../src/bsf/bsf-sm.c:164)
02/26 23:55:18.376: [bsf] ERROR: Not found [/nbsf-management/v1/pcfBindings/62] (../src/bsf/bsf-sm.c:164)
02/26 23:55:18.953: [bsf] ERROR: Not found [/nbsf-management/v1/pcfBindings/61] (../src/bsf/bsf-sm.c:164)
02/26 23:55:19.238: [bsf] ERROR: Not found [/nbsf-management/v1/pcfBindings/60] (../src/bsf/bsf-sm.c:164)
02/26 23:55:22.268: [bsf] ERROR: Not found [/nbsf-management/v1/pcfBindings/63] (../src/bsf/bsf-sm.c:164)
02/26 23:55:22.269: [bsf] ERROR: Not found [/nbsf-management/v1/pcfBindings/61] (../src/bsf/bsf-sm.c:164)
02/26 23:55:22.870: [bsf] ERROR: Not found [/nbsf-management/v1/pcfBindings/58] (../src/bsf/bsf-sm.c:164)
02/26 23:55:23.427: [bsf] ERROR: Not found [/nbsf-management/v1/pcfBindings/64] (../src/bsf/bsf-sm.c:164)
02/26 23:55:24.009: [bsf] ERROR: Not found [/nbsf-management/v1/pcfBindings/60] (../src/bsf/bsf-sm.c:164)
02/26 23:55:24.012: [bsf] ERROR: Not found [/nbsf-management/v1/pcfBindings/66] (../src/bsf/bsf-sm.c:164)
02/26 23:55:24.456: [bsf] ERROR: Not found [/nbsf-management/v1/pcfBindings/66] (../src/bsf/bsf-sm.c:164)
02/26 23:55:25.593: [bsf] ERROR: Not found [/nbsf-management/v1/pcfBindings/66] (../src/bsf/bsf-sm.c:164)
02/26 23:55:26.084: [bsf] ERROR: Not found [/nbsf-management/v1/pcfBindings/63] (../src/bsf/bsf-sm.c:164)
02/26 23:55:26.296: [bsf] ERROR: Not found [/nbsf-management/v1/pcfBindings/62] (../src/bsf/bsf-sm.c:164)
02/26 23:55:29.687: [bsf] ERROR: Not found [/nbsf-management/v1/pcfBindings/64] (../src/bsf/bsf-sm.c:164)
02/26 23:55:30.921: [bsf] ERROR: Not found [/nbsf-management/v1/pcfBindings/67] (../src/bsf/bsf-sm.c:164)
02/26 23:55:32.481: [bsf] ERROR: Not found [/nbsf-management/v1/pcfBindings/66] (../src/bsf/bsf-sm.c:164)
02/26 23:55:33.400: [bsf] ERROR: Not found [/nbsf-management/v1/pcfBindings/68] (../src/bsf/bsf-sm.c:164)
02/26 23:55:35.311: [bsf] ERROR: Not found [/nbsf-management/v1/pcfBindings/68] (../src/bsf/bsf-sm.c:164)
02/26 23:55:35.944: [bsf] ERROR: Not found [/nbsf-management/v1/pcfBindings/68] (../src/bsf/bsf-sm.c:164)
02/26 23:55:36.380: [bsf] ERROR: Not found [/nbsf-management/v1/pcfBindings/68] (../src/bsf/bsf-sm.c:164)
Open5GS daemon v2.4.4-10-g757285b

02/27 00:53:41.620: [app] INFO: Configuration: '/open5gs/install/etc/open5gs/bsf.yaml' (../lib/app/ogs-init.c:129)
02/27 00:53:41.620: [app] INFO: File Logging: '/open5gs/install/var/log/open5gs/bsf.log' (../lib/app/ogs-init.c:132)
02/27 00:53:41.621: [sbi] INFO: nghttp2_server() [172.22.0.29]:7777 (../lib/sbi/nghttp2-server.c:144)
02/27 00:53:41.622: [app] INFO: BSF initialize...done (../src/bsf/app.c:31)
02/27 00:53:41.623: [bsf] INFO: [08a84e76-972d-41ec-875f-43bbba5c99bf] NF registred [Heartbeat:10s] (../src/bsf/nf-sm.c:199)
Open5GS daemon v2.4.4-10-g757285b

02/27 00:54:59.601: [app] INFO: Configuration: '/open5gs/install/etc/open5gs/bsf.yaml' (../lib/app/ogs-init.c:129)
02/27 00:54:59.601: [app] INFO: File Logging: '/open5gs/install/var/log/open5gs/bsf.log' (../lib/app/ogs-init.c:132)
02/27 00:54:59.603: [sbi] INFO: nghttp2_server() [172.22.0.29]:7777 (../lib/sbi/nghttp2-server.c:144)
02/27 00:54:59.604: [app] INFO: BSF initialize...done (../src/bsf/app.c:31)
02/27 00:54:59.605: [bsf] INFO: [3723661e-972d-41ec-8e51-fb78e2c269c4] NF registred [Heartbeat:10s] (../src/bsf/nf-sm.c:199)
Open5GS daemon v2.4.4-10-g757285b

02/27 01:08:10.630: [app] INFO: Configuration: '/open5gs/install/etc/open5gs/bsf.yaml' (../lib/app/ogs-init.c:129)
02/27 01:08:10.630: [app] INFO: File Logging: '/open5gs/install/var/log/open5gs/bsf.log' (../lib/app/ogs-init.c:132)
02/27 01:08:10.630: [sbi] INFO: nghttp2_server() [172.22.0.29]:7777 (../lib/sbi/nghttp2-server.c:144)
02/27 01:08:10.631: [app] INFO: BSF initialize...done (../src/bsf/app.c:31)
02/27 01:08:10.632: [bsf] INFO: [0ea0a07e-972f-41ec-8ed8-1f328a19c464] NF registred [Heartbeat:10s] (../src/bsf/nf-sm.c:199)
Open5GS daemon v2.4.4-10-g757285b

02/28 19:40:02.363: [app] INFO: Configuration: '/open5gs/install/etc/open5gs/bsf.yaml' (../lib/app/ogs-init.c:129)
02/28 19:40:02.363: [app] INFO: File Logging: '/open5gs/install/var/log/open5gs/bsf.log' (../lib/app/ogs-init.c:132)
02/28 19:40:02.365: [sbi] INFO: nghttp2_server() [172.22.0.29]:7777 (../lib/sbi/nghttp2-server.c:144)
02/28 19:40:02.365: [app] INFO: BSF initialize...done (../src/bsf/app.c:31)
02/28 19:40:02.368: [bsf] INFO: [8c55235e-9893-41ec-8152-3760e129de39] NF registred [Heartbeat:10s] (../src/bsf/nf-sm.c:199)
