Open5GS daemon v2.4.4-10-g757285b

02/20 20:41:35.412: [app] INFO: Configuration: '/open5gs/install/etc/open5gs/nrf.yaml' (../lib/app/ogs-init.c:129)
02/20 20:41:35.412: [app] INFO: File Logging: '/open5gs/install/var/log/open5gs/nrf.log' (../lib/app/ogs-init.c:132)
02/20 20:41:35.413: [sbi] INFO: nghttp2_server() [172.22.0.12]:7777 (../lib/sbi/nghttp2-server.c:144)
02/20 20:41:35.413: [app] INFO: NRF initialize...done (../src/nrf/app.c:31)
02/20 20:41:36.388: [nrf] INFO: [d2d64994-9252-41ec-8642-85edae3b17c0] NF registred [Heartbeat:10s] (../src/nrf/nf-sm.c:192)
02/20 20:41:36.544: [nrf] INFO: [d2edd514-9252-41ec-b586-f98d02e2474c] NF registred [Heartbeat:10s] (../src/nrf/nf-sm.c:192)
02/20 20:41:36.890: [nrf] INFO: [d31c4674-9252-41ec-972d-83c28e980ecf] NF registred [Heartbeat:10s] (../src/nrf/nf-sm.c:192)
02/20 20:41:37.300: [nrf] INFO: [d3617172-9252-41ec-82e7-754bc3d37d62] NF registred [Heartbeat:10s] (../src/nrf/nf-sm.c:192)
02/20 20:41:38.100: [nrf] INFO: [d3db19dc-9252-41ec-9b73-1bf1daecfc18] NF registred [Heartbeat:10s] (../src/nrf/nf-sm.c:192)
02/20 20:41:46.748: [nrf] INFO: [d902a24a-9252-41ec-9a1e-034f6ea1a6b8] NF registred [Heartbeat:10s] (../src/nrf/nf-sm.c:192)
02/20 20:41:47.229: [nrf] INFO: [d94c40a8-9252-41ec-b1a9-b7d1fdf96e13] NF registred [Heartbeat:10s] (../src/nrf/nf-sm.c:192)
02/20 20:41:47.752: [nrf] INFO: [d99ba544-9252-41ec-a000-732401bd1c88] NF registred [Heartbeat:10s] (../src/nrf/nf-sm.c:192)
02/21 01:04:51.589: [nrf] WARNING: [d2d64994-9252-41ec-8642-85edae3b17c0] No heartbeat (../src/nrf/nrf-sm.c:228)
02/21 01:04:51.589: [nrf] INFO: [d2d64994-9252-41ec-8642-85edae3b17c0] NF de-registered (../src/nrf/nf-sm.c:207)
02/21 01:04:52.867: [nrf] WARNING: [d3db19dc-9252-41ec-9b73-1bf1daecfc18] No heartbeat (../src/nrf/nrf-sm.c:228)
02/21 01:04:52.867: [nrf] INFO: [d3db19dc-9252-41ec-9b73-1bf1daecfc18] NF de-registered (../src/nrf/nf-sm.c:207)
02/21 01:05:01.945: [nrf] WARNING: [d902a24a-9252-41ec-9a1e-034f6ea1a6b8] No heartbeat (../src/nrf/nrf-sm.c:228)
02/21 01:05:01.945: [nrf] INFO: [d902a24a-9252-41ec-9a1e-034f6ea1a6b8] NF de-registered (../src/nrf/nf-sm.c:207)
02/21 01:05:02.189: [nrf] WARNING: [d94c40a8-9252-41ec-b1a9-b7d1fdf96e13] No heartbeat (../src/nrf/nrf-sm.c:228)
02/21 01:05:02.189: [nrf] INFO: [d94c40a8-9252-41ec-b1a9-b7d1fdf96e13] NF de-registered (../src/nrf/nf-sm.c:207)
02/21 01:05:02.241: [nrf] WARNING: [d3617172-9252-41ec-82e7-754bc3d37d62] No heartbeat (../src/nrf/nrf-sm.c:228)
02/21 01:05:02.241: [nrf] INFO: [d3617172-9252-41ec-82e7-754bc3d37d62] NF de-registered (../src/nrf/nf-sm.c:207)
02/21 01:05:02.650: [nrf] WARNING: [d99ba544-9252-41ec-a000-732401bd1c88] No heartbeat (../src/nrf/nrf-sm.c:228)
02/21 01:05:02.650: [nrf] INFO: [d99ba544-9252-41ec-a000-732401bd1c88] NF de-registered (../src/nrf/nf-sm.c:207)
02/21 01:05:11.370: [nrf] WARNING: [d2edd514-9252-41ec-b586-f98d02e2474c] No heartbeat (../src/nrf/nrf-sm.c:228)
02/21 01:05:11.371: [nrf] INFO: [d2edd514-9252-41ec-b586-f98d02e2474c] NF de-registered (../src/nrf/nf-sm.c:207)
02/21 01:05:14.204: [nrf] WARNING: [d31c4674-9252-41ec-972d-83c28e980ecf] No heartbeat (../src/nrf/nrf-sm.c:228)
02/21 01:05:14.204: [nrf] INFO: [d31c4674-9252-41ec-972d-83c28e980ecf] NF de-registered (../src/nrf/nf-sm.c:207)
Open5GS daemon v2.4.4-10-g757285b

02/25 23:39:52.440: [app] INFO: Configuration: '/open5gs/install/etc/open5gs/nrf.yaml' (../lib/app/ogs-init.c:129)
02/25 23:39:52.440: [app] INFO: File Logging: '/open5gs/install/var/log/open5gs/nrf.log' (../lib/app/ogs-init.c:132)
02/25 23:39:52.448: [sbi] INFO: nghttp2_server() [172.22.0.12]:7777 (../lib/sbi/nghttp2-server.c:144)
02/25 23:39:52.450: [app] INFO: NRF initialize...done (../src/nrf/app.c:31)
02/25 23:39:54.015: [nrf] INFO: [8f2decf0-9659-41ec-9094-73de689afc1d] NF registred [Heartbeat:10s] (../src/nrf/nf-sm.c:192)
02/25 23:39:54.127: [nrf] INFO: [8f404c2e-9659-41ec-8131-d51bc30aefc0] NF registred [Heartbeat:10s] (../src/nrf/nf-sm.c:192)
02/25 23:39:55.645: [nrf] INFO: [90107264-9659-41ec-9424-0b5964bb7a7f] NF registred [Heartbeat:10s] (../src/nrf/nf-sm.c:192)
02/25 23:39:56.061: [nrf] INFO: [90673d74-9659-41ec-b6c2-49c3f8f794a3] NF registred [Heartbeat:10s] (../src/nrf/nf-sm.c:192)
02/25 23:39:56.146: [nrf] INFO: [90746d28-9659-41ec-968d-0f07b52fc5df] NF registred [Heartbeat:10s] (../src/nrf/nf-sm.c:192)
02/25 23:40:04.196: [nrf] INFO: [95404174-9659-41ec-84ea-6d218e606813] NF registred [Heartbeat:10s] (../src/nrf/nf-sm.c:192)
02/25 23:40:05.074: [nrf] INFO: [95c6a53e-9659-41ec-98b8-0982bcd39ca5] NF registred [Heartbeat:10s] (../src/nrf/nf-sm.c:192)
02/25 23:40:05.138: [nrf] INFO: [95d0084a-9659-41ec-b6d8-e3905e9470b0] NF registred [Heartbeat:10s] (../src/nrf/nf-sm.c:192)
02/26 01:17:52.086: [nrf] WARNING: [90746d28-9659-41ec-968d-0f07b52fc5df] No heartbeat (../src/nrf/nrf-sm.c:228)
02/26 01:17:52.086: [nrf] INFO: [90746d28-9659-41ec-968d-0f07b52fc5df] NF de-registered (../src/nrf/nf-sm.c:207)
02/26 01:17:52.148: [nrf] WARNING: [90673d74-9659-41ec-b6c2-49c3f8f794a3] No heartbeat (../src/nrf/nrf-sm.c:228)
02/26 01:17:52.148: [nrf] INFO: [90673d74-9659-41ec-b6c2-49c3f8f794a3] NF de-registered (../src/nrf/nf-sm.c:207)
02/26 01:18:00.141: [nrf] WARNING: [8f404c2e-9659-41ec-8131-d51bc30aefc0] No heartbeat (../src/nrf/nrf-sm.c:228)
02/26 01:18:00.141: [nrf] INFO: [8f404c2e-9659-41ec-8131-d51bc30aefc0] NF de-registered (../src/nrf/nf-sm.c:207)
02/26 01:18:00.150: [nrf] WARNING: [8f2decf0-9659-41ec-9094-73de689afc1d] No heartbeat (../src/nrf/nrf-sm.c:228)
02/26 01:18:00.150: [nrf] INFO: [8f2decf0-9659-41ec-9094-73de689afc1d] NF de-registered (../src/nrf/nf-sm.c:207)
02/26 01:18:00.377: [nrf] WARNING: [95404174-9659-41ec-84ea-6d218e606813] No heartbeat (../src/nrf/nrf-sm.c:228)
02/26 01:18:00.377: [nrf] INFO: [95404174-9659-41ec-84ea-6d218e606813] NF de-registered (../src/nrf/nf-sm.c:207)
02/26 01:18:00.966: [nrf] WARNING: [95c6a53e-9659-41ec-98b8-0982bcd39ca5] No heartbeat (../src/nrf/nrf-sm.c:228)
02/26 01:18:00.966: [nrf] INFO: [95c6a53e-9659-41ec-98b8-0982bcd39ca5] NF de-registered (../src/nrf/nf-sm.c:207)
02/26 01:18:01.029: [nrf] WARNING: [95d0084a-9659-41ec-b6d8-e3905e9470b0] No heartbeat (../src/nrf/nrf-sm.c:228)
02/26 01:18:01.029: [nrf] INFO: [95d0084a-9659-41ec-b6d8-e3905e9470b0] NF de-registered (../src/nrf/nf-sm.c:207)
02/26 01:18:08.876: [nrf] WARNING: [90107264-9659-41ec-9424-0b5964bb7a7f] No heartbeat (../src/nrf/nrf-sm.c:228)
02/26 01:18:08.876: [nrf] INFO: [90107264-9659-41ec-9424-0b5964bb7a7f] NF de-registered (../src/nrf/nf-sm.c:207)
Open5GS daemon v2.4.4-10-g757285b

02/26 17:00:37.260: [app] INFO: Configuration: '/open5gs/install/etc/open5gs/nrf.yaml' (../lib/app/ogs-init.c:129)
02/26 17:00:37.260: [app] INFO: File Logging: '/open5gs/install/var/log/open5gs/nrf.log' (../lib/app/ogs-init.c:132)
02/26 17:00:37.310: [sbi] INFO: nghttp2_server() [172.22.0.12]:7777 (../lib/sbi/nghttp2-server.c:144)
02/26 17:00:37.317: [app] INFO: NRF initialize...done (../src/nrf/app.c:31)
02/26 17:00:43.148: [nrf] INFO: [f5c3a1bc-96ea-41ec-b74e-49d0814909c2] NF registred [Heartbeat:10s] (../src/nrf/nf-sm.c:192)
02/26 17:00:43.846: [nrf] INFO: [f62f45d4-96ea-41ec-ab73-d598c971fa10] NF registred [Heartbeat:10s] (../src/nrf/nf-sm.c:192)
02/26 17:00:43.936: [nrf] INFO: [f63cbd4a-96ea-41ec-94bd-2baf12765c59] NF registred [Heartbeat:10s] (../src/nrf/nf-sm.c:192)
02/26 17:00:44.492: [nrf] INFO: [f683613c-96ea-41ec-a814-579b321f8ceb] NF registred [Heartbeat:10s] (../src/nrf/nf-sm.c:192)
02/26 17:00:44.988: [nrf] INFO: [f6dd0354-96ea-41ec-af30-e9bcd88751cc] NF registred [Heartbeat:10s] (../src/nrf/nf-sm.c:192)
02/26 17:00:52.304: [nrf] INFO: [fb38a782-96ea-41ec-b38a-356612a66cd5] NF registred [Heartbeat:10s] (../src/nrf/nf-sm.c:192)
02/26 17:00:53.634: [nrf] INFO: [fc0430f0-96ea-41ec-9c18-e7014e905431] NF registred [Heartbeat:10s] (../src/nrf/nf-sm.c:192)
02/26 17:00:54.006: [nrf] INFO: [fc3d62c6-96ea-41ec-8b03-a1cfdd42a3a0] NF registred [Heartbeat:10s] (../src/nrf/nf-sm.c:192)
02/26 17:05:55.151: [nrf] WARNING: [f62f45d4-96ea-41ec-ab73-d598c971fa10] No heartbeat (../src/nrf/nrf-sm.c:228)
02/26 17:05:55.151: [nrf] INFO: [f62f45d4-96ea-41ec-ab73-d598c971fa10] NF de-registered (../src/nrf/nf-sm.c:207)
02/26 17:05:56.203: [nrf] WARNING: [f6dd0354-96ea-41ec-af30-e9bcd88751cc] No heartbeat (../src/nrf/nrf-sm.c:228)
02/26 17:05:56.203: [nrf] INFO: [f6dd0354-96ea-41ec-af30-e9bcd88751cc] NF de-registered (../src/nrf/nf-sm.c:207)
02/26 17:06:03.550: [nrf] WARNING: [fb38a782-96ea-41ec-b38a-356612a66cd5] No heartbeat (../src/nrf/nrf-sm.c:228)
02/26 17:06:03.550: [nrf] INFO: [fb38a782-96ea-41ec-b38a-356612a66cd5] NF de-registered (../src/nrf/nf-sm.c:207)
02/26 17:06:04.455: [nrf] WARNING: [f5c3a1bc-96ea-41ec-b74e-49d0814909c2] No heartbeat (../src/nrf/nrf-sm.c:228)
02/26 17:06:04.455: [nrf] INFO: [f5c3a1bc-96ea-41ec-b74e-49d0814909c2] NF de-registered (../src/nrf/nf-sm.c:207)
02/26 17:06:04.908: [nrf] WARNING: [fc0430f0-96ea-41ec-9c18-e7014e905431] No heartbeat (../src/nrf/nrf-sm.c:228)
02/26 17:06:04.909: [nrf] INFO: [fc0430f0-96ea-41ec-9c18-e7014e905431] NF de-registered (../src/nrf/nf-sm.c:207)
02/26 17:06:05.219: [nrf] WARNING: [f63cbd4a-96ea-41ec-94bd-2baf12765c59] No heartbeat (../src/nrf/nrf-sm.c:228)
02/26 17:06:05.219: [nrf] INFO: [f63cbd4a-96ea-41ec-94bd-2baf12765c59] NF de-registered (../src/nrf/nf-sm.c:207)
02/26 17:06:05.224: [nrf] WARNING: Subscription notification failed [404] (../src/nrf/sbi-path.c:63)
02/26 17:06:05.255: [nrf] WARNING: [fc3d62c6-96ea-41ec-8b03-a1cfdd42a3a0] No heartbeat (../src/nrf/nrf-sm.c:228)
02/26 17:06:05.255: [nrf] INFO: [fc3d62c6-96ea-41ec-8b03-a1cfdd42a3a0] NF de-registered (../src/nrf/nf-sm.c:207)
02/26 17:06:15.595: [nrf] WARNING: [f683613c-96ea-41ec-a814-579b321f8ceb] No heartbeat (../src/nrf/nrf-sm.c:228)
02/26 17:06:15.595: [nrf] INFO: [f683613c-96ea-41ec-a814-579b321f8ceb] NF de-registered (../src/nrf/nf-sm.c:207)
Open5GS daemon v2.4.4-10-g757285b

02/26 17:09:10.863: [app] INFO: Configuration: '/open5gs/install/etc/open5gs/nrf.yaml' (../lib/app/ogs-init.c:129)
02/26 17:09:10.863: [app] INFO: File Logging: '/open5gs/install/var/log/open5gs/nrf.log' (../lib/app/ogs-init.c:132)
02/26 17:09:10.864: [sbi] INFO: nghttp2_server() [172.22.0.12]:7777 (../lib/sbi/nghttp2-server.c:144)
02/26 17:09:10.865: [app] INFO: NRF initialize...done (../src/nrf/app.c:31)
02/26 17:09:12.270: [nrf] INFO: [253a309a-96ec-41ec-8042-9db039940307] NF registred [Heartbeat:10s] (../src/nrf/nf-sm.c:192)
02/26 17:09:13.298: [nrf] INFO: [25d76f18-96ec-41ec-9225-e1ea8aa7a91d] NF registred [Heartbeat:10s] (../src/nrf/nf-sm.c:192)
02/26 17:09:13.365: [nrf] INFO: [25e1b4aa-96ec-41ec-be75-f74c10b612be] NF registred [Heartbeat:10s] (../src/nrf/nf-sm.c:192)
02/26 17:09:14.640: [nrf] INFO: [2699c2ca-96ec-41ec-8d5e-b306302b1d9e] NF registred [Heartbeat:10s] (../src/nrf/nf-sm.c:192)
02/26 17:09:15.190: [nrf] INFO: [26f7f106-96ec-41ec-955f-15361b85436e] NF registred [Heartbeat:10s] (../src/nrf/nf-sm.c:192)
02/26 17:09:22.046: [nrf] INFO: [2b0e57d0-96ec-41ec-adf0-6dd05fbd030a] NF registred [Heartbeat:10s] (../src/nrf/nf-sm.c:192)
02/26 17:09:22.333: [nrf] INFO: [2b39da7c-96ec-41ec-baae-4fb3ad731cad] NF registred [Heartbeat:10s] (../src/nrf/nf-sm.c:192)
02/26 17:09:24.422: [nrf] INFO: [2c78b408-96ec-41ec-8b29-93eff4d434f5] NF registred [Heartbeat:10s] (../src/nrf/nf-sm.c:192)
02/26 20:54:18.193: [nrf] WARNING: [26f7f106-96ec-41ec-955f-15361b85436e] No heartbeat (../src/nrf/nrf-sm.c:228)
02/26 20:54:18.193: [nrf] INFO: [26f7f106-96ec-41ec-955f-15361b85436e] NF de-registered (../src/nrf/nf-sm.c:207)
02/26 21:00:25.217: [nrf] WARNING: [253a309a-96ec-41ec-8042-9db039940307] No heartbeat (../src/nrf/nrf-sm.c:228)
02/26 21:00:25.217: [nrf] INFO: [253a309a-96ec-41ec-8042-9db039940307] NF de-registered (../src/nrf/nf-sm.c:207)
02/26 21:00:25.292: [nrf] WARNING: [2b0e57d0-96ec-41ec-adf0-6dd05fbd030a] No heartbeat (../src/nrf/nrf-sm.c:228)
02/26 21:00:25.292: [nrf] INFO: [2b0e57d0-96ec-41ec-adf0-6dd05fbd030a] NF de-registered (../src/nrf/nf-sm.c:207)
02/26 21:00:25.419: [nrf] WARNING: [2b39da7c-96ec-41ec-baae-4fb3ad731cad] No heartbeat (../src/nrf/nrf-sm.c:228)
02/26 21:00:25.419: [nrf] INFO: [2b39da7c-96ec-41ec-baae-4fb3ad731cad] NF de-registered (../src/nrf/nf-sm.c:207)
02/26 21:00:26.376: [nrf] WARNING: [25d76f18-96ec-41ec-9225-e1ea8aa7a91d] No heartbeat (../src/nrf/nrf-sm.c:228)
02/26 21:00:26.376: [nrf] INFO: [25d76f18-96ec-41ec-9225-e1ea8aa7a91d] NF de-registered (../src/nrf/nf-sm.c:207)
02/26 21:00:26.378: [nrf] WARNING: [25e1b4aa-96ec-41ec-be75-f74c10b612be] No heartbeat (../src/nrf/nrf-sm.c:228)
02/26 21:00:26.379: [nrf] INFO: [25e1b4aa-96ec-41ec-be75-f74c10b612be] NF de-registered (../src/nrf/nf-sm.c:207)
02/26 21:00:27.599: [nrf] WARNING: [2c78b408-96ec-41ec-8b29-93eff4d434f5] No heartbeat (../src/nrf/nrf-sm.c:228)
02/26 21:00:27.599: [nrf] INFO: [2c78b408-96ec-41ec-8b29-93eff4d434f5] NF de-registered (../src/nrf/nf-sm.c:207)
Open5GS daemon v2.4.4-10-g757285b

02/26 21:05:08.332: [app] INFO: Configuration: '/open5gs/install/etc/open5gs/nrf.yaml' (../lib/app/ogs-init.c:129)
02/26 21:05:08.332: [app] INFO: File Logging: '/open5gs/install/var/log/open5gs/nrf.log' (../lib/app/ogs-init.c:132)
02/26 21:05:08.333: [sbi] INFO: nghttp2_server() [172.22.0.12]:7777 (../lib/sbi/nghttp2-server.c:144)
02/26 21:05:08.333: [app] INFO: NRF initialize...done (../src/nrf/app.c:31)
02/26 21:05:09.819: [nrf] INFO: [1bc8edb4-970d-41ec-81b4-71535d84575f] NF registred [Heartbeat:10s] (../src/nrf/nf-sm.c:192)
02/26 21:05:10.674: [nrf] INFO: [1c4baf88-970d-41ec-a808-b36caa6730ce] NF registred [Heartbeat:10s] (../src/nrf/nf-sm.c:192)
02/26 21:05:11.049: [nrf] INFO: [1c84afe0-970d-41ec-8319-57725f4c7619] NF registred [Heartbeat:10s] (../src/nrf/nf-sm.c:192)
02/26 21:05:11.098: [nrf] INFO: [1c84b2ec-970d-41ec-a792-179e8c9f7dc2] NF registred [Heartbeat:10s] (../src/nrf/nf-sm.c:192)
02/26 21:05:11.621: [nrf] INFO: [1cdbce9c-970d-41ec-a389-cf4e1d1e3eb4] NF registred [Heartbeat:10s] (../src/nrf/nf-sm.c:192)
02/26 21:05:19.927: [nrf] INFO: [21cf4f6e-970d-41ec-b33a-158d592db013] NF registred [Heartbeat:10s] (../src/nrf/nf-sm.c:192)
02/26 21:05:19.965: [nrf] INFO: [21d51f52-970d-41ec-a2e9-d145e70222c6] NF registred [Heartbeat:10s] (../src/nrf/nf-sm.c:192)
02/26 21:05:20.946: [nrf] INFO: [226b08aa-970d-41ec-9173-375f97325d6a] NF registred [Heartbeat:10s] (../src/nrf/nf-sm.c:192)
02/26 21:19:22.370: [nrf] INFO: [17f1dbcc-970f-41ec-a59c-c3146ce8c508] NF registred [Heartbeat:10s] (../src/nrf/nf-sm.c:192)
02/26 21:19:23.226: [nrf] WARNING: [1cdbce9c-970d-41ec-a389-cf4e1d1e3eb4] No heartbeat (../src/nrf/nrf-sm.c:228)
02/26 21:19:23.227: [nrf] INFO: [1cdbce9c-970d-41ec-a389-cf4e1d1e3eb4] NF de-registered (../src/nrf/nf-sm.c:207)
02/26 23:41:19.840: [nrf] WARNING: [17f1dbcc-970f-41ec-a59c-c3146ce8c508] No heartbeat (../src/nrf/nrf-sm.c:228)
02/26 23:41:19.841: [nrf] INFO: [17f1dbcc-970f-41ec-a59c-c3146ce8c508] NF de-registered (../src/nrf/nf-sm.c:207)
02/26 23:41:26.822: [nrf] INFO: [f0e9bde2-9722-41ec-90dc-3da9cd949a0e] NF registred [Heartbeat:10s] (../src/nrf/nf-sm.c:192)
02/27 00:51:51.121: [nrf] WARNING: [f0e9bde2-9722-41ec-90dc-3da9cd949a0e] No heartbeat (../src/nrf/nrf-sm.c:228)
02/27 00:51:51.122: [nrf] INFO: [f0e9bde2-9722-41ec-90dc-3da9cd949a0e] NF de-registered (../src/nrf/nf-sm.c:207)
02/27 00:51:52.597: [nrf] WARNING: [1c4baf88-970d-41ec-a808-b36caa6730ce] No heartbeat (../src/nrf/nrf-sm.c:228)
02/27 00:51:52.597: [nrf] INFO: [1c4baf88-970d-41ec-a808-b36caa6730ce] NF de-registered (../src/nrf/nf-sm.c:207)
02/27 00:52:01.471: [nrf] WARNING: [21cf4f6e-970d-41ec-b33a-158d592db013] No heartbeat (../src/nrf/nrf-sm.c:228)
02/27 00:52:01.471: [nrf] INFO: [21cf4f6e-970d-41ec-b33a-158d592db013] NF de-registered (../src/nrf/nf-sm.c:207)
02/27 00:52:01.492: [nrf] WARNING: [1bc8edb4-970d-41ec-81b4-71535d84575f] No heartbeat (../src/nrf/nrf-sm.c:228)
02/27 00:52:01.492: [nrf] INFO: [1bc8edb4-970d-41ec-81b4-71535d84575f] NF de-registered (../src/nrf/nf-sm.c:207)
02/27 00:52:01.497: [nrf] WARNING: [21d51f52-970d-41ec-a2e9-d145e70222c6] No heartbeat (../src/nrf/nrf-sm.c:228)
02/27 00:52:01.497: [nrf] INFO: [21d51f52-970d-41ec-a2e9-d145e70222c6] NF de-registered (../src/nrf/nf-sm.c:207)
02/27 00:52:02.503: [nrf] WARNING: [226b08aa-970d-41ec-9173-375f97325d6a] No heartbeat (../src/nrf/nrf-sm.c:228)
02/27 00:52:02.503: [nrf] INFO: [226b08aa-970d-41ec-9173-375f97325d6a] NF de-registered (../src/nrf/nf-sm.c:207)
02/27 00:52:02.509: [nrf] WARNING: [1c84afe0-970d-41ec-8319-57725f4c7619] No heartbeat (../src/nrf/nrf-sm.c:228)
02/27 00:52:02.509: [nrf] INFO: [1c84afe0-970d-41ec-8319-57725f4c7619] NF de-registered (../src/nrf/nf-sm.c:207)
02/27 00:52:16.832: [nrf] WARNING: [1c84b2ec-970d-41ec-a792-179e8c9f7dc2] No heartbeat (../src/nrf/nrf-sm.c:228)
02/27 00:52:16.832: [nrf] INFO: [1c84b2ec-970d-41ec-a792-179e8c9f7dc2] NF de-registered (../src/nrf/nf-sm.c:207)
Open5GS daemon v2.4.4-10-g757285b

02/27 00:53:29.154: [app] INFO: Configuration: '/open5gs/install/etc/open5gs/nrf.yaml' (../lib/app/ogs-init.c:129)
02/27 00:53:29.154: [app] INFO: File Logging: '/open5gs/install/var/log/open5gs/nrf.log' (../lib/app/ogs-init.c:132)
02/27 00:53:29.156: [sbi] INFO: nghttp2_server() [172.22.0.12]:7777 (../lib/sbi/nghttp2-server.c:144)
02/27 00:53:29.156: [app] INFO: NRF initialize...done (../src/nrf/app.c:31)
02/27 00:53:29.692: [nrf] INFO: [018bd234-972d-41ec-9c8a-f17833ba3026] NF registred [Heartbeat:10s] (../src/nrf/nf-sm.c:192)
02/27 00:53:30.045: [nrf] INFO: [01b8ca96-972d-41ec-9a5f-5590a6008fcb] NF registred [Heartbeat:10s] (../src/nrf/nf-sm.c:192)
02/27 00:53:30.942: [nrf] INFO: [024a9ffc-972d-41ec-a01f-1187006310f4] NF registred [Heartbeat:10s] (../src/nrf/nf-sm.c:192)
02/27 00:53:32.004: [nrf] INFO: [02ec63e6-972d-41ec-aa33-dd8cb9c96844] NF registred [Heartbeat:10s] (../src/nrf/nf-sm.c:192)
02/27 00:53:33.627: [nrf] INFO: [03e42662-972d-41ec-b176-791f818dabf8] NF registred [Heartbeat:10s] (../src/nrf/nf-sm.c:192)
02/27 00:53:41.288: [nrf] INFO: [0875037c-972d-41ec-ab77-afb957f49a34] NF registred [Heartbeat:10s] (../src/nrf/nf-sm.c:192)
02/27 00:53:41.550: [nrf] INFO: [089d1646-972d-41ec-8ec5-dbe77f015447] NF registred [Heartbeat:10s] (../src/nrf/nf-sm.c:192)
02/27 00:53:41.622: [nrf] INFO: [08a84e76-972d-41ec-875f-43bbba5c99bf] NF registred [Heartbeat:10s] (../src/nrf/nf-sm.c:192)
02/27 00:54:03.020: [nrf] WARNING: [02ec63e6-972d-41ec-aa33-dd8cb9c96844] No heartbeat (../src/nrf/nrf-sm.c:228)
02/27 00:54:03.020: [nrf] INFO: [02ec63e6-972d-41ec-aa33-dd8cb9c96844] NF de-registered (../src/nrf/nf-sm.c:207)
02/27 00:54:04.647: [nrf] WARNING: [03e42662-972d-41ec-b176-791f818dabf8] No heartbeat (../src/nrf/nrf-sm.c:228)
02/27 00:54:04.647: [nrf] INFO: [03e42662-972d-41ec-b176-791f818dabf8] NF de-registered (../src/nrf/nf-sm.c:207)
02/27 00:54:10.723: [nrf] WARNING: [018bd234-972d-41ec-9c8a-f17833ba3026] No heartbeat (../src/nrf/nrf-sm.c:228)
02/27 00:54:10.723: [nrf] INFO: [018bd234-972d-41ec-9c8a-f17833ba3026] NF de-registered (../src/nrf/nf-sm.c:207)
02/27 00:54:10.726: [nrf] WARNING: Subscription notification failed [404] (../src/nrf/sbi-path.c:63)
02/27 00:54:11.972: [nrf] WARNING: [024a9ffc-972d-41ec-a01f-1187006310f4] No heartbeat (../src/nrf/nrf-sm.c:228)
02/27 00:54:11.972: [nrf] INFO: [024a9ffc-972d-41ec-a01f-1187006310f4] NF de-registered (../src/nrf/nf-sm.c:207)
02/27 00:54:12.311: [nrf] WARNING: [0875037c-972d-41ec-ab77-afb957f49a34] No heartbeat (../src/nrf/nrf-sm.c:228)
02/27 00:54:12.311: [nrf] INFO: [0875037c-972d-41ec-ab77-afb957f49a34] NF de-registered (../src/nrf/nf-sm.c:207)
02/27 00:54:12.575: [nrf] WARNING: [089d1646-972d-41ec-8ec5-dbe77f015447] No heartbeat (../src/nrf/nrf-sm.c:228)
02/27 00:54:12.575: [nrf] INFO: [089d1646-972d-41ec-8ec5-dbe77f015447] NF de-registered (../src/nrf/nf-sm.c:207)
02/27 00:54:12.643: [nrf] WARNING: [08a84e76-972d-41ec-875f-43bbba5c99bf] No heartbeat (../src/nrf/nrf-sm.c:228)
02/27 00:54:12.643: [nrf] INFO: [08a84e76-972d-41ec-875f-43bbba5c99bf] NF de-registered (../src/nrf/nf-sm.c:207)
02/27 00:54:21.074: [nrf] WARNING: [01b8ca96-972d-41ec-9a5f-5590a6008fcb] No heartbeat (../src/nrf/nrf-sm.c:228)
02/27 00:54:21.074: [nrf] INFO: [01b8ca96-972d-41ec-9a5f-5590a6008fcb] NF de-registered (../src/nrf/nf-sm.c:207)
Open5GS daemon v2.4.4-10-g757285b

02/27 00:54:48.535: [app] INFO: Configuration: '/open5gs/install/etc/open5gs/nrf.yaml' (../lib/app/ogs-init.c:129)
02/27 00:54:48.535: [app] INFO: File Logging: '/open5gs/install/var/log/open5gs/nrf.log' (../lib/app/ogs-init.c:132)
02/27 00:54:48.536: [sbi] INFO: nghttp2_server() [172.22.0.12]:7777 (../lib/sbi/nghttp2-server.c:144)
02/27 00:54:48.536: [app] INFO: NRF initialize...done (../src/nrf/app.c:31)
02/27 00:54:49.735: [nrf] INFO: [31415ca6-972d-41ec-9cba-f56f4c1ce5de] NF registred [Heartbeat:10s] (../src/nrf/nf-sm.c:192)
02/27 00:54:50.738: [nrf] INFO: [31da8c64-972d-41ec-bc2b-f59721ca2263] NF registred [Heartbeat:10s] (../src/nrf/nf-sm.c:192)
02/27 00:54:52.215: [nrf] INFO: [32b49288-972d-41ec-b10e-99977e69592a] NF registred [Heartbeat:10s] (../src/nrf/nf-sm.c:192)
02/27 00:54:52.872: [nrf] INFO: [331e58a8-972d-41ec-920b-3397fc322efb] NF registred [Heartbeat:10s] (../src/nrf/nf-sm.c:192)
02/27 00:54:53.238: [nrf] INFO: [3357d10a-972d-41ec-a063-2736fb3f998b] NF registred [Heartbeat:10s] (../src/nrf/nf-sm.c:192)
02/27 00:54:59.605: [nrf] INFO: [3723661e-972d-41ec-8e51-fb78e2c269c4] NF registred [Heartbeat:10s] (../src/nrf/nf-sm.c:192)
02/27 00:54:59.890: [nrf] INFO: [374e9c08-972d-41ec-89c1-b1fe4a93691c] NF registred [Heartbeat:10s] (../src/nrf/nf-sm.c:192)
02/27 00:55:00.867: [nrf] INFO: [37e3c8c8-972d-41ec-ae34-efc99ad49e33] NF registred [Heartbeat:10s] (../src/nrf/nf-sm.c:192)
02/27 01:06:14.829: [nrf] WARNING: [3357d10a-972d-41ec-a063-2736fb3f998b] No heartbeat (../src/nrf/nrf-sm.c:228)
02/27 01:06:14.829: [nrf] INFO: [3357d10a-972d-41ec-a063-2736fb3f998b] NF de-registered (../src/nrf/nf-sm.c:207)
02/27 01:06:21.336: [nrf] WARNING: [31415ca6-972d-41ec-9cba-f56f4c1ce5de] No heartbeat (../src/nrf/nrf-sm.c:228)
02/27 01:06:21.336: [nrf] INFO: [31415ca6-972d-41ec-9cba-f56f4c1ce5de] NF de-registered (../src/nrf/nf-sm.c:207)
02/27 01:06:31.264: [nrf] WARNING: [3723661e-972d-41ec-8e51-fb78e2c269c4] No heartbeat (../src/nrf/nrf-sm.c:228)
02/27 01:06:31.264: [nrf] INFO: [3723661e-972d-41ec-8e51-fb78e2c269c4] NF de-registered (../src/nrf/nf-sm.c:207)
02/27 01:06:31.414: [nrf] WARNING: [374e9c08-972d-41ec-89c1-b1fe4a93691c] No heartbeat (../src/nrf/nrf-sm.c:228)
02/27 01:06:31.414: [nrf] INFO: [374e9c08-972d-41ec-89c1-b1fe4a93691c] NF de-registered (../src/nrf/nf-sm.c:207)
02/27 01:06:32.339: [nrf] WARNING: [31da8c64-972d-41ec-bc2b-f59721ca2263] No heartbeat (../src/nrf/nrf-sm.c:228)
02/27 01:06:32.339: [nrf] INFO: [31da8c64-972d-41ec-bc2b-f59721ca2263] NF de-registered (../src/nrf/nf-sm.c:207)
02/27 01:06:32.435: [nrf] WARNING: [37e3c8c8-972d-41ec-ae34-efc99ad49e33] No heartbeat (../src/nrf/nrf-sm.c:228)
02/27 01:06:32.435: [nrf] INFO: [37e3c8c8-972d-41ec-ae34-efc99ad49e33] NF de-registered (../src/nrf/nf-sm.c:207)
02/27 01:06:34.464: [nrf] WARNING: [331e58a8-972d-41ec-920b-3397fc322efb] No heartbeat (../src/nrf/nrf-sm.c:228)
02/27 01:06:34.464: [nrf] INFO: [331e58a8-972d-41ec-920b-3397fc322efb] NF de-registered (../src/nrf/nf-sm.c:207)
02/27 01:06:43.462: [nrf] WARNING: [32b49288-972d-41ec-b10e-99977e69592a] No heartbeat (../src/nrf/nrf-sm.c:228)
02/27 01:06:43.462: [nrf] INFO: [32b49288-972d-41ec-b10e-99977e69592a] NF de-registered (../src/nrf/nf-sm.c:207)
Open5GS daemon v2.4.4-10-g757285b

02/27 01:07:59.175: [app] INFO: Configuration: '/open5gs/install/etc/open5gs/nrf.yaml' (../lib/app/ogs-init.c:129)
02/27 01:07:59.175: [app] INFO: File Logging: '/open5gs/install/var/log/open5gs/nrf.log' (../lib/app/ogs-init.c:132)
02/27 01:07:59.176: [sbi] INFO: nghttp2_server() [172.22.0.12]:7777 (../lib/sbi/nghttp2-server.c:144)
02/27 01:07:59.176: [app] INFO: NRF initialize...done (../src/nrf/app.c:31)
02/27 01:08:00.360: [nrf] INFO: [08812574-972f-41ec-9575-cfd7ffb921b6] NF registred [Heartbeat:10s] (../src/nrf/nf-sm.c:192)
02/27 01:08:00.530: [nrf] INFO: [089ab5e8-972f-41ec-8192-7d8ab70099c0] NF registred [Heartbeat:10s] (../src/nrf/nf-sm.c:192)
02/27 01:08:01.632: [nrf] INFO: [094362b0-972f-41ec-ba96-dba7427aed82] NF registred [Heartbeat:10s] (../src/nrf/nf-sm.c:192)
02/27 01:08:01.935: [nrf] INFO: [096665b2-972f-41ec-988b-35fe3a4d790a] NF registred [Heartbeat:10s] (../src/nrf/nf-sm.c:192)
02/27 01:08:02.888: [nrf] INFO: [0a02b9c6-972f-41ec-8eaf-8fbaca85e313] NF registred [Heartbeat:10s] (../src/nrf/nf-sm.c:192)
02/27 01:08:10.632: [nrf] INFO: [0ea0a07e-972f-41ec-8ed8-1f328a19c464] NF registred [Heartbeat:10s] (../src/nrf/nf-sm.c:192)
02/27 01:08:11.494: [nrf] INFO: [0f23ee48-972f-41ec-a516-f182046fd3c2] NF registred [Heartbeat:10s] (../src/nrf/nf-sm.c:192)
02/27 01:08:12.549: [nrf] INFO: [0fc4f22a-972f-41ec-9abe-013807b34108] NF registred [Heartbeat:10s] (../src/nrf/nf-sm.c:192)
Open5GS daemon v2.4.4-10-g757285b

02/28 19:39:48.099: [app] INFO: Configuration: '/open5gs/install/etc/open5gs/nrf.yaml' (../lib/app/ogs-init.c:129)
02/28 19:39:48.099: [app] INFO: File Logging: '/open5gs/install/var/log/open5gs/nrf.log' (../lib/app/ogs-init.c:132)
02/28 19:39:48.105: [sbi] INFO: nghttp2_server() [172.22.0.12]:7777 (../lib/sbi/nghttp2-server.c:144)
02/28 19:39:48.107: [app] INFO: NRF initialize...done (../src/nrf/app.c:31)
02/28 19:39:48.859: [nrf] INFO: [8441972e-9893-41ec-9ebb-c131877120d3] NF registred [Heartbeat:10s] (../src/nrf/nf-sm.c:192)
02/28 19:39:49.108: [nrf] INFO: [8453d81c-9893-41ec-92d3-cd9e533a5486] NF registred [Heartbeat:10s] (../src/nrf/nf-sm.c:192)
02/28 19:39:52.324: [nrf] INFO: [86580f7a-9893-41ec-b188-952de3449da3] NF registred [Heartbeat:10s] (../src/nrf/nf-sm.c:192)
02/28 19:39:53.295: [nrf] INFO: [86eb5a5a-9893-41ec-87d0-7b94622a2369] NF registred [Heartbeat:10s] (../src/nrf/nf-sm.c:192)
02/28 19:39:53.858: [nrf] INFO: [80b31c22-9893-41ec-817f-63fed4a594fa] NF registred [Heartbeat:10s] (../src/nrf/nf-sm.c:192)
02/28 19:40:02.367: [nrf] INFO: [8c55235e-9893-41ec-8152-3760e129de39] NF registred [Heartbeat:10s] (../src/nrf/nf-sm.c:192)
02/28 19:40:11.030: [nrf] INFO: [917dd272-9893-41ec-85ed-0b9339f185fc] NF registred [Heartbeat:10s] (../src/nrf/nf-sm.c:192)
02/28 19:40:11.115: [nrf] INFO: [918c131e-9893-41ec-a852-8bf529d9800e] NF registred [Heartbeat:10s] (../src/nrf/nf-sm.c:192)
02/28 19:40:11.269: [nrf] INFO: [91a3911a-9893-41ec-be78-3757ffe47503] NF registred [Heartbeat:10s] (../src/nrf/nf-sm.c:192)
02/28 19:40:14.299: [nrf] WARNING: [86eb5a5a-9893-41ec-87d0-7b94622a2369] No heartbeat (../src/nrf/nrf-sm.c:228)
02/28 19:40:14.299: [nrf] INFO: [86eb5a5a-9893-41ec-87d0-7b94622a2369] NF de-registered (../src/nrf/nf-sm.c:207)
02/28 19:40:14.300: [nrf] WARNING: Subscription notification failed [404] (../src/nrf/sbi-path.c:63)
02/28 19:40:14.300: [nrf] WARNING: Subscription notification failed [404] (../src/nrf/sbi-path.c:63)
02/28 19:40:14.300: [nrf] WARNING: Subscription notification failed [404] (../src/nrf/sbi-path.c:63)
02/28 19:40:14.300: [nrf] WARNING: Subscription notification failed [404] (../src/nrf/sbi-path.c:63)
02/28 19:40:14.860: [nrf] WARNING: [80b31c22-9893-41ec-817f-63fed4a594fa] No heartbeat (../src/nrf/nrf-sm.c:228)
02/28 19:40:14.860: [nrf] INFO: [80b31c22-9893-41ec-817f-63fed4a594fa] NF de-registered (../src/nrf/nf-sm.c:207)
02/28 19:40:14.861: [nrf] WARNING: Subscription notification failed [404] (../src/nrf/sbi-path.c:63)
02/28 19:40:14.861: [nrf] WARNING: Subscription notification failed [404] (../src/nrf/sbi-path.c:63)
02/28 19:40:19.886: [nrf] WARNING: [8441972e-9893-41ec-9ebb-c131877120d3] No heartbeat (../src/nrf/nrf-sm.c:228)
02/28 19:40:19.886: [nrf] INFO: [8441972e-9893-41ec-9ebb-c131877120d3] NF de-registered (../src/nrf/nf-sm.c:207)
02/28 19:40:19.887: [nrf] WARNING: Subscription notification failed [404] (../src/nrf/sbi-path.c:63)
