Open5GS daemon v2.4.4-10-g757285b

02/20 20:41:46.743: [app] INFO: Configuration: '/open5gs/install/etc/open5gs/pcf.yaml' (../lib/app/ogs-init.c:129)
02/20 20:41:46.743: [app] INFO: File Logging: '/open5gs/install/var/log/open5gs/pcf.log' (../lib/app/ogs-init.c:132)
02/20 20:41:46.747: [dbi] INFO: MongoDB URI: 'mongodb://172.22.0.2/open5gs' (../lib/dbi/ogs-mongoc.c:130)
02/20 20:41:46.747: [sbi] INFO: nghttp2_server() [172.22.0.27]:7777 (../lib/sbi/nghttp2-server.c:144)
02/20 20:41:46.747: [app] INFO: PCF initialize...done (../src/pcf/app.c:31)
02/20 20:41:46.749: [pcf] INFO: [d902a24a-9252-41ec-9a1e-034f6ea1a6b8] NF registred [Heartbeat:10s] (../src/pcf/nf-sm.c:198)
02/20 20:41:47.229: [pcf] INFO: [d94c40a8-9252-41ec-b1a9-b7d1fdf96e13] (NRF-notify) NF registered (../src/pcf/nnrf-handler.c:180)
02/20 20:41:47.229: [pcf] INFO: [d94c40a8-9252-41ec-b1a9-b7d1fdf96e13] (NRF-notify) NF Profile updated (../src/pcf/nnrf-handler.c:199)
02/20 20:41:47.753: [pcf] INFO: [d99ba544-9252-41ec-a000-732401bd1c88] (NRF-notify) NF registered (../src/pcf/nnrf-handler.c:180)
02/20 20:41:47.753: [pcf] INFO: [d99ba544-9252-41ec-a000-732401bd1c88] (NRF-notify) NF Profile updated (../src/pcf/nnrf-handler.c:199)
Open5GS daemon v2.4.4-10-g757285b

02/25 23:40:05.132: [app] INFO: Configuration: '/open5gs/install/etc/open5gs/pcf.yaml' (../lib/app/ogs-init.c:129)
02/25 23:40:05.132: [app] INFO: File Logging: '/open5gs/install/var/log/open5gs/pcf.log' (../lib/app/ogs-init.c:132)
02/25 23:40:05.136: [dbi] INFO: MongoDB URI: 'mongodb://172.22.0.2/open5gs' (../lib/dbi/ogs-mongoc.c:130)
02/25 23:40:05.136: [sbi] INFO: nghttp2_server() [172.22.0.27]:7777 (../lib/sbi/nghttp2-server.c:144)
02/25 23:40:05.137: [app] INFO: PCF initialize...done (../src/pcf/app.c:31)
02/25 23:40:05.139: [pcf] INFO: [95d0084a-9659-41ec-b6d8-e3905e9470b0] NF registred [Heartbeat:10s] (../src/pcf/nf-sm.c:198)
02/26 00:48:30.487: [app] WARNING: Try to discover [UDR] (../lib/sbi/path.c:110)
02/26 00:48:30.487: [pcf] INFO: [95404174-9659-41ec-84ea-6d218e606813] (NF-discover) NF registered (../src/pcf/nnrf-handler.c:286)
02/26 00:48:30.488: [pcf] INFO: [95404174-9659-41ec-84ea-6d218e606813] (NF-discover) NF Profile updated (../src/pcf/nnrf-handler.c:346)
02/26 00:48:30.725: [app] WARNING: Try to discover [BSF] (../lib/sbi/path.c:110)
02/26 00:48:30.726: [pcf] INFO: [95c6a53e-9659-41ec-98b8-0982bcd39ca5] (NF-discover) NF registered (../src/pcf/nnrf-handler.c:286)
02/26 00:48:30.726: [pcf] INFO: [95c6a53e-9659-41ec-98b8-0982bcd39ca5] (NF-discover) NF Profile updated (../src/pcf/nnrf-handler.c:346)
Open5GS daemon v2.4.4-10-g757285b

02/26 17:00:52.293: [app] INFO: Configuration: '/open5gs/install/etc/open5gs/pcf.yaml' (../lib/app/ogs-init.c:129)
02/26 17:00:52.294: [app] INFO: File Logging: '/open5gs/install/var/log/open5gs/pcf.log' (../lib/app/ogs-init.c:132)
02/26 17:00:52.301: [dbi] INFO: MongoDB URI: 'mongodb://172.22.0.2/open5gs' (../lib/dbi/ogs-mongoc.c:130)
02/26 17:00:52.302: [sbi] INFO: nghttp2_server() [172.22.0.27]:7777 (../lib/sbi/nghttp2-server.c:144)
02/26 17:00:52.303: [app] INFO: PCF initialize...done (../src/pcf/app.c:31)
02/26 17:00:52.306: [pcf] INFO: [fb38a782-96ea-41ec-b38a-356612a66cd5] NF registred [Heartbeat:10s] (../src/pcf/nf-sm.c:198)
02/26 17:00:53.636: [pcf] INFO: [fc0430f0-96ea-41ec-9c18-e7014e905431] (NRF-notify) NF registered (../src/pcf/nnrf-handler.c:180)
02/26 17:00:53.636: [pcf] INFO: [fc0430f0-96ea-41ec-9c18-e7014e905431] (NRF-notify) NF Profile updated (../src/pcf/nnrf-handler.c:199)
02/26 17:00:54.007: [pcf] INFO: [fc3d62c6-96ea-41ec-8b03-a1cfdd42a3a0] (NRF-notify) NF registered (../src/pcf/nnrf-handler.c:180)
02/26 17:00:54.007: [pcf] INFO: [fc3d62c6-96ea-41ec-8b03-a1cfdd42a3a0] (NRF-notify) NF Profile updated (../src/pcf/nnrf-handler.c:199)
Open5GS daemon v2.4.4-10-g757285b

02/26 17:09:22.329: [app] INFO: Configuration: '/open5gs/install/etc/open5gs/pcf.yaml' (../lib/app/ogs-init.c:129)
02/26 17:09:22.329: [app] INFO: File Logging: '/open5gs/install/var/log/open5gs/pcf.log' (../lib/app/ogs-init.c:132)
02/26 17:09:22.331: [dbi] INFO: MongoDB URI: 'mongodb://172.22.0.2/open5gs' (../lib/dbi/ogs-mongoc.c:130)
02/26 17:09:22.332: [sbi] INFO: nghttp2_server() [172.22.0.27]:7777 (../lib/sbi/nghttp2-server.c:144)
02/26 17:09:22.332: [app] INFO: PCF initialize...done (../src/pcf/app.c:31)
02/26 17:09:22.333: [pcf] INFO: [2b39da7c-96ec-41ec-baae-4fb3ad731cad] NF registred [Heartbeat:10s] (../src/pcf/nf-sm.c:198)
02/26 17:09:24.424: [pcf] INFO: [2c78b408-96ec-41ec-8b29-93eff4d434f5] (NRF-notify) NF registered (../src/pcf/nnrf-handler.c:180)
02/26 17:09:24.424: [pcf] INFO: [2c78b408-96ec-41ec-8b29-93eff4d434f5] (NRF-notify) NF Profile updated (../src/pcf/nnrf-handler.c:199)
02/26 17:12:17.419: [app] WARNING: Try to discover [BSF] (../lib/sbi/path.c:110)
02/26 17:12:17.419: [pcf] INFO: [2b0e57d0-96ec-41ec-adf0-6dd05fbd030a] (NF-discover) NF registered (../src/pcf/nnrf-handler.c:286)
02/26 17:12:17.419: [pcf] INFO: [2b0e57d0-96ec-41ec-adf0-6dd05fbd030a] (NF-discover) NF Profile updated (../src/pcf/nnrf-handler.c:346)
02/26 18:12:17.422: [pcf] INFO: [2b0e57d0-96ec-41ec-adf0-6dd05fbd030a] NF expired (../src/pcf/nf-sm.c:294)
02/26 18:15:52.980: [app] WARNING: Try to discover [BSF] (../lib/sbi/path.c:110)
02/26 18:15:52.981: [pcf] WARNING: [2b0e57d0-96ec-41ec-adf0-6dd05fbd030a] (NF-discover) NF has already been added (../src/pcf/nnrf-handler.c:291)
02/26 18:15:52.981: [pcf] INFO: [2b0e57d0-96ec-41ec-adf0-6dd05fbd030a] (NF-discover) NF Profile updated (../src/pcf/nnrf-handler.c:346)
02/26 19:15:52.986: [pcf] INFO: [2b0e57d0-96ec-41ec-adf0-6dd05fbd030a] NF expired (../src/pcf/nf-sm.c:294)
02/26 20:52:08.950: [app] WARNING: Try to discover [BSF] (../lib/sbi/path.c:110)
02/26 20:52:08.953: [pcf] WARNING: [2b0e57d0-96ec-41ec-adf0-6dd05fbd030a] (NF-discover) NF has already been added (../src/pcf/nnrf-handler.c:291)
02/26 20:52:08.954: [pcf] INFO: [2b0e57d0-96ec-41ec-adf0-6dd05fbd030a] (NF-discover) NF Profile updated (../src/pcf/nnrf-handler.c:346)
Open5GS daemon v2.4.4-10-g757285b

02/26 21:05:19.962: [app] INFO: Configuration: '/open5gs/install/etc/open5gs/pcf.yaml' (../lib/app/ogs-init.c:129)
02/26 21:05:19.962: [app] INFO: File Logging: '/open5gs/install/var/log/open5gs/pcf.log' (../lib/app/ogs-init.c:132)
02/26 21:05:19.964: [dbi] INFO: MongoDB URI: 'mongodb://172.22.0.2/open5gs' (../lib/dbi/ogs-mongoc.c:130)
02/26 21:05:19.964: [sbi] INFO: nghttp2_server() [172.22.0.27]:7777 (../lib/sbi/nghttp2-server.c:144)
02/26 21:05:19.964: [app] INFO: PCF initialize...done (../src/pcf/app.c:31)
02/26 21:05:19.966: [pcf] INFO: [21d51f52-970d-41ec-a2e9-d145e70222c6] NF registred [Heartbeat:10s] (../src/pcf/nf-sm.c:198)
02/26 21:05:20.947: [pcf] INFO: [226b08aa-970d-41ec-9173-375f97325d6a] (NRF-notify) NF registered (../src/pcf/nnrf-handler.c:180)
02/26 21:05:20.947: [pcf] INFO: [226b08aa-970d-41ec-9173-375f97325d6a] (NRF-notify) NF Profile updated (../src/pcf/nnrf-handler.c:199)
02/26 21:06:08.878: [app] WARNING: Try to discover [UDR] (../lib/sbi/path.c:110)
02/26 21:06:08.879: [pcf] INFO: [21cf4f6e-970d-41ec-b33a-158d592db013] (NF-discover) NF registered (../src/pcf/nnrf-handler.c:286)
02/26 21:06:08.879: [pcf] INFO: [21cf4f6e-970d-41ec-b33a-158d592db013] (NF-discover) NF Profile updated (../src/pcf/nnrf-handler.c:346)
02/26 22:06:08.882: [pcf] INFO: [21cf4f6e-970d-41ec-b33a-158d592db013] NF expired (../src/pcf/nf-sm.c:294)
02/26 22:06:50.935: [app] WARNING: Try to discover [UDR] (../lib/sbi/path.c:110)
02/26 22:06:50.936: [pcf] WARNING: [21cf4f6e-970d-41ec-b33a-158d592db013] (NF-discover) NF has already been added (../src/pcf/nnrf-handler.c:291)
02/26 22:06:50.936: [pcf] INFO: [21cf4f6e-970d-41ec-b33a-158d592db013] (NF-discover) NF Profile updated (../src/pcf/nnrf-handler.c:346)
02/26 22:06:51.330: [pcf] ERROR: [imsi-001011234567895:1] HTTP response error [404] (../src/pcf/sm-sm.c:217)
02/26 22:06:51.331: [pcf] ERROR: [imsi-001011234567895:1] State machine exception (../src/pcf/pcf-sm.c:490)
02/26 22:16:16.296: [pcf] ERROR: [imsi-001011234567895:1] HTTP response error [404] (../src/pcf/sm-sm.c:217)
02/26 22:16:16.296: [pcf] ERROR: [imsi-001011234567895:1] State machine exception (../src/pcf/pcf-sm.c:490)
02/26 22:53:53.587: [pcf] ERROR: [imsi-001011234567898:1] HTTP response error [404] (../src/pcf/sm-sm.c:217)
02/26 22:53:53.587: [pcf] ERROR: [imsi-001011234567898:1] State machine exception (../src/pcf/pcf-sm.c:490)
02/26 22:53:55.253: [pcf] ERROR: [imsi-001011234567899:1] HTTP response error [404] (../src/pcf/sm-sm.c:217)
02/26 22:53:55.253: [pcf] ERROR: [imsi-001011234567899:1] State machine exception (../src/pcf/pcf-sm.c:490)
02/26 22:53:57.370: [pcf] ERROR: [imsi-001011234567897:1] HTTP response error [404] (../src/pcf/sm-sm.c:217)
02/26 22:53:57.370: [pcf] ERROR: [imsi-001011234567897:1] State machine exception (../src/pcf/pcf-sm.c:490)
02/26 22:53:57.842: [pcf] ERROR: [imsi-001011234567896:1] HTTP response error [404] (../src/pcf/sm-sm.c:217)
02/26 22:53:57.842: [pcf] ERROR: [imsi-001011234567896:1] State machine exception (../src/pcf/pcf-sm.c:490)
02/26 22:56:14.830: [pcf] ERROR: [imsi-001011234567911:1] HTTP response error [404] (../src/pcf/sm-sm.c:217)
02/26 22:56:14.830: [pcf] ERROR: [imsi-001011234567911:1] State machine exception (../src/pcf/pcf-sm.c:490)
02/26 22:56:17.736: [pcf] ERROR: [imsi-001011234567931:1] HTTP response error [404] (../src/pcf/sm-sm.c:217)
02/26 22:56:17.736: [pcf] ERROR: [imsi-001011234567931:1] State machine exception (../src/pcf/pcf-sm.c:490)
02/26 22:56:17.768: [pcf] ERROR: [imsi-001011234567905:1] HTTP response error [404] (../src/pcf/sm-sm.c:217)
02/26 22:56:17.769: [pcf] ERROR: [imsi-001011234567905:1] State machine exception (../src/pcf/pcf-sm.c:490)
02/26 22:56:18.393: [pcf] ERROR: [imsi-001011234567903:1] HTTP response error [404] (../src/pcf/sm-sm.c:217)
02/26 22:56:18.393: [pcf] ERROR: [imsi-001011234567903:1] State machine exception (../src/pcf/pcf-sm.c:490)
02/26 22:56:18.823: [pcf] ERROR: [imsi-001011234567944:1] HTTP response error [404] (../src/pcf/sm-sm.c:217)
02/26 22:56:18.824: [pcf] ERROR: [imsi-001011234567944:1] State machine exception (../src/pcf/pcf-sm.c:490)
02/26 22:56:19.051: [pcf] ERROR: [imsi-001011234567932:1] HTTP response error [404] (../src/pcf/sm-sm.c:217)
02/26 22:56:19.051: [pcf] ERROR: [imsi-001011234567932:1] State machine exception (../src/pcf/pcf-sm.c:490)
02/26 22:56:19.288: [pcf] ERROR: [imsi-001011234567919:1] HTTP response error [404] (../src/pcf/sm-sm.c:217)
02/26 22:56:19.288: [pcf] ERROR: [imsi-001011234567919:1] State machine exception (../src/pcf/pcf-sm.c:490)
02/26 22:56:19.289: [pcf] ERROR: [imsi-001011234567934:1] HTTP response error [404] (../src/pcf/sm-sm.c:217)
02/26 22:56:19.289: [pcf] ERROR: [imsi-001011234567934:1] State machine exception (../src/pcf/pcf-sm.c:490)
02/26 22:56:19.326: [pcf] ERROR: [imsi-001011234567895:1] HTTP response error [404] (../src/pcf/sm-sm.c:217)
02/26 22:56:19.327: [pcf] ERROR: [imsi-001011234567895:1] State machine exception (../src/pcf/pcf-sm.c:490)
02/26 22:56:19.599: [pcf] ERROR: [imsi-001011234567920:1] HTTP response error [404] (../src/pcf/sm-sm.c:217)
02/26 22:56:19.600: [pcf] ERROR: [imsi-001011234567920:1] State machine exception (../src/pcf/pcf-sm.c:490)
02/26 22:56:19.828: [pcf] ERROR: [imsi-001011234567900:1] HTTP response error [404] (../src/pcf/sm-sm.c:217)
02/26 22:56:19.829: [pcf] ERROR: [imsi-001011234567900:1] State machine exception (../src/pcf/pcf-sm.c:490)
02/26 22:56:20.252: [pcf] ERROR: [imsi-001011234567933:1] HTTP response error [404] (../src/pcf/sm-sm.c:217)
02/26 22:56:20.252: [pcf] ERROR: [imsi-001011234567933:1] State machine exception (../src/pcf/pcf-sm.c:490)
02/26 22:56:20.269: [pcf] ERROR: [imsi-001011234567943:1] HTTP response error [404] (../src/pcf/sm-sm.c:217)
02/26 22:56:20.275: [pcf] ERROR: [imsi-001011234567943:1] State machine exception (../src/pcf/pcf-sm.c:490)
02/26 22:56:20.523: [pcf] ERROR: [imsi-001011234567898:1] HTTP response error [404] (../src/pcf/sm-sm.c:217)
02/26 22:56:20.524: [pcf] ERROR: [imsi-001011234567898:1] State machine exception (../src/pcf/pcf-sm.c:490)
02/26 22:56:20.747: [pcf] ERROR: [imsi-001011234567927:1] HTTP response error [404] (../src/pcf/sm-sm.c:217)
02/26 22:56:20.748: [pcf] ERROR: [imsi-001011234567927:1] State machine exception (../src/pcf/pcf-sm.c:490)
02/26 22:56:21.189: [pcf] ERROR: [imsi-001011234567937:1] HTTP response error [404] (../src/pcf/sm-sm.c:217)
02/26 22:56:21.189: [pcf] ERROR: [imsi-001011234567937:1] State machine exception (../src/pcf/pcf-sm.c:490)
02/26 22:56:21.405: [pcf] ERROR: [imsi-001011234567921:1] HTTP response error [404] (../src/pcf/sm-sm.c:217)
02/26 22:56:21.405: [pcf] ERROR: [imsi-001011234567921:1] State machine exception (../src/pcf/pcf-sm.c:490)
02/26 22:56:21.628: [pcf] ERROR: [imsi-001011234567918:1] HTTP response error [404] (../src/pcf/sm-sm.c:217)
02/26 22:56:21.628: [pcf] ERROR: [imsi-001011234567918:1] State machine exception (../src/pcf/pcf-sm.c:490)
02/26 22:56:21.628: [pcf] ERROR: [imsi-001011234567922:1] HTTP response error [404] (../src/pcf/sm-sm.c:217)
02/26 22:56:21.628: [pcf] ERROR: [imsi-001011234567922:1] State machine exception (../src/pcf/pcf-sm.c:490)
02/26 22:56:22.187: [pcf] ERROR: [imsi-001011234567904:1] HTTP response error [404] (../src/pcf/sm-sm.c:217)
02/26 22:56:22.187: [pcf] ERROR: [imsi-001011234567904:1] State machine exception (../src/pcf/pcf-sm.c:490)
02/26 22:56:22.404: [pcf] ERROR: [imsi-001011234567926:1] HTTP response error [404] (../src/pcf/sm-sm.c:217)
02/26 22:56:22.404: [pcf] ERROR: [imsi-001011234567926:1] State machine exception (../src/pcf/pcf-sm.c:490)
02/26 22:56:22.616: [pcf] ERROR: [imsi-001011234567914:1] HTTP response error [404] (../src/pcf/sm-sm.c:217)
02/26 22:56:22.616: [pcf] ERROR: [imsi-001011234567914:1] State machine exception (../src/pcf/pcf-sm.c:490)
02/26 22:56:22.616: [pcf] ERROR: [imsi-001011234567899:1] HTTP response error [404] (../src/pcf/sm-sm.c:217)
02/26 22:56:22.616: [pcf] ERROR: [imsi-001011234567899:1] State machine exception (../src/pcf/pcf-sm.c:490)
02/26 22:56:23.264: [pcf] ERROR: [imsi-001011234567940:1] HTTP response error [404] (../src/pcf/sm-sm.c:217)
02/26 22:56:23.264: [pcf] ERROR: [imsi-001011234567940:1] State machine exception (../src/pcf/pcf-sm.c:490)
02/26 22:56:23.269: [pcf] ERROR: [imsi-001011234567938:1] HTTP response error [404] (../src/pcf/sm-sm.c:217)
02/26 22:56:23.269: [pcf] ERROR: [imsi-001011234567938:1] State machine exception (../src/pcf/pcf-sm.c:490)
02/26 22:56:23.508: [pcf] ERROR: [imsi-001011234567897:1] HTTP response error [404] (../src/pcf/sm-sm.c:217)
02/26 22:56:23.508: [pcf] ERROR: [imsi-001011234567897:1] State machine exception (../src/pcf/pcf-sm.c:490)
02/26 22:56:23.509: [pcf] ERROR: [imsi-001011234567912:1] HTTP response error [404] (../src/pcf/sm-sm.c:217)
02/26 22:56:23.509: [pcf] ERROR: [imsi-001011234567912:1] State machine exception (../src/pcf/pcf-sm.c:490)
02/26 22:56:23.977: [pcf] ERROR: [imsi-001011234567939:1] HTTP response error [404] (../src/pcf/sm-sm.c:217)
02/26 22:56:23.977: [pcf] ERROR: [imsi-001011234567939:1] State machine exception (../src/pcf/pcf-sm.c:490)
02/26 22:56:25.801: [pcf] ERROR: [imsi-001011234567915:1] HTTP response error [404] (../src/pcf/sm-sm.c:217)
02/26 22:56:25.802: [pcf] ERROR: [imsi-001011234567915:1] State machine exception (../src/pcf/pcf-sm.c:490)
02/26 22:56:26.036: [pcf] ERROR: [imsi-001011234567928:1] HTTP response error [404] (../src/pcf/sm-sm.c:217)
02/26 22:56:26.037: [pcf] ERROR: [imsi-001011234567928:1] State machine exception (../src/pcf/pcf-sm.c:490)
02/26 22:56:29.589: [pcf] ERROR: [imsi-001011234567942:1] HTTP response error [404] (../src/pcf/sm-sm.c:217)
02/26 22:56:29.589: [pcf] ERROR: [imsi-001011234567942:1] State machine exception (../src/pcf/pcf-sm.c:490)
02/26 22:56:31.173: [pcf] ERROR: [imsi-001011234567896:1] HTTP response error [404] (../src/pcf/sm-sm.c:217)
02/26 22:56:31.173: [pcf] ERROR: [imsi-001011234567896:1] State machine exception (../src/pcf/pcf-sm.c:490)
02/26 22:56:32.608: [pcf] ERROR: [imsi-001011234567910:1] HTTP response error [404] (../src/pcf/sm-sm.c:217)
02/26 22:56:32.608: [pcf] ERROR: [imsi-001011234567910:1] State machine exception (../src/pcf/pcf-sm.c:490)
02/26 22:56:33.068: [pcf] ERROR: [imsi-001011234567935:1] HTTP response error [404] (../src/pcf/sm-sm.c:217)
02/26 22:56:33.068: [pcf] ERROR: [imsi-001011234567935:1] State machine exception (../src/pcf/pcf-sm.c:490)
02/26 22:56:33.288: [pcf] ERROR: [imsi-001011234567941:1] HTTP response error [404] (../src/pcf/sm-sm.c:217)
02/26 22:56:33.288: [pcf] ERROR: [imsi-001011234567941:1] State machine exception (../src/pcf/pcf-sm.c:490)
02/26 22:56:33.288: [pcf] ERROR: [imsi-001011234567936:1] HTTP response error [404] (../src/pcf/sm-sm.c:217)
02/26 22:56:33.288: [pcf] ERROR: [imsi-001011234567936:1] State machine exception (../src/pcf/pcf-sm.c:490)
02/26 22:56:33.549: [pcf] ERROR: [imsi-001011234567908:1] HTTP response error [404] (../src/pcf/sm-sm.c:217)
02/26 22:56:33.549: [pcf] ERROR: [imsi-001011234567908:1] State machine exception (../src/pcf/pcf-sm.c:490)
02/26 22:56:33.767: [pcf] ERROR: [imsi-001011234567916:1] HTTP response error [404] (../src/pcf/sm-sm.c:217)
02/26 22:56:33.767: [pcf] ERROR: [imsi-001011234567916:1] State machine exception (../src/pcf/pcf-sm.c:490)
02/26 22:56:34.190: [pcf] ERROR: [imsi-001011234567902:1] HTTP response error [404] (../src/pcf/sm-sm.c:217)
02/26 22:56:34.190: [pcf] ERROR: [imsi-001011234567902:1] State machine exception (../src/pcf/pcf-sm.c:490)
02/26 22:56:34.190: [pcf] ERROR: [imsi-001011234567924:1] HTTP response error [404] (../src/pcf/sm-sm.c:217)
02/26 22:56:34.190: [pcf] ERROR: [imsi-001011234567924:1] State machine exception (../src/pcf/pcf-sm.c:490)
02/26 22:56:34.408: [pcf] ERROR: [imsi-001011234567930:1] HTTP response error [404] (../src/pcf/sm-sm.c:217)
02/26 22:56:34.408: [pcf] ERROR: [imsi-001011234567930:1] State machine exception (../src/pcf/pcf-sm.c:490)
02/26 22:56:35.066: [pcf] ERROR: [imsi-001011234567929:1] HTTP response error [404] (../src/pcf/sm-sm.c:217)
02/26 22:56:35.066: [pcf] ERROR: [imsi-001011234567929:1] State machine exception (../src/pcf/pcf-sm.c:490)
02/26 22:56:35.302: [pcf] ERROR: [imsi-001011234567923:1] HTTP response error [404] (../src/pcf/sm-sm.c:217)
02/26 22:56:35.302: [pcf] ERROR: [imsi-001011234567923:1] State machine exception (../src/pcf/pcf-sm.c:490)
02/26 22:56:35.302: [pcf] ERROR: [imsi-001011234567907:1] HTTP response error [404] (../src/pcf/sm-sm.c:217)
02/26 22:56:35.302: [pcf] ERROR: [imsi-001011234567907:1] State machine exception (../src/pcf/pcf-sm.c:490)
02/26 22:56:35.302: [pcf] ERROR: [imsi-001011234567917:1] HTTP response error [404] (../src/pcf/sm-sm.c:217)
02/26 22:56:35.302: [pcf] ERROR: [imsi-001011234567917:1] State machine exception (../src/pcf/pcf-sm.c:490)
02/26 22:56:36.221: [pcf] ERROR: [imsi-001011234567901:1] HTTP response error [404] (../src/pcf/sm-sm.c:217)
02/26 22:56:36.222: [pcf] ERROR: [imsi-001011234567901:1] State machine exception (../src/pcf/pcf-sm.c:490)
02/26 23:06:50.938: [pcf] INFO: [21cf4f6e-970d-41ec-b33a-158d592db013] NF expired (../src/pcf/nf-sm.c:294)
02/26 23:36:15.127: [app] WARNING: Try to discover [UDR] (../lib/sbi/path.c:110)
02/26 23:36:15.129: [pcf] WARNING: [21cf4f6e-970d-41ec-b33a-158d592db013] (NF-discover) NF has already been added (../src/pcf/nnrf-handler.c:291)
02/26 23:36:15.129: [pcf] INFO: [21cf4f6e-970d-41ec-b33a-158d592db013] (NF-discover) NF Profile updated (../src/pcf/nnrf-handler.c:346)
02/26 23:36:16.414: [pcf] ERROR: [imsi-001011234567920:1] HTTP response error [404] (../src/pcf/sm-sm.c:217)
02/26 23:36:16.414: [pcf] ERROR: [imsi-001011234567920:1] State machine exception (../src/pcf/pcf-sm.c:490)
02/26 23:36:16.414: [pcf] ERROR: [imsi-001011234567921:1] HTTP response error [404] (../src/pcf/sm-sm.c:217)
02/26 23:36:16.414: [pcf] ERROR: [imsi-001011234567921:1] State machine exception (../src/pcf/pcf-sm.c:490)
02/26 23:36:16.445: [pcf] ERROR: [imsi-001011234567899:1] HTTP response error [404] (../src/pcf/sm-sm.c:217)
02/26 23:36:16.446: [pcf] ERROR: [imsi-001011234567899:1] State machine exception (../src/pcf/pcf-sm.c:490)
02/26 23:36:16.911: [pcf] ERROR: [imsi-001011234567932:1] HTTP response error [404] (../src/pcf/sm-sm.c:217)
02/26 23:36:16.911: [pcf] ERROR: [imsi-001011234567932:1] State machine exception (../src/pcf/pcf-sm.c:490)
02/26 23:36:17.361: [pcf] ERROR: [imsi-001011234567931:1] HTTP response error [404] (../src/pcf/sm-sm.c:217)
02/26 23:36:17.362: [pcf] ERROR: [imsi-001011234567931:1] State machine exception (../src/pcf/pcf-sm.c:490)
02/26 23:36:17.362: [pcf] ERROR: [imsi-001011234567934:1] HTTP response error [404] (../src/pcf/sm-sm.c:217)
02/26 23:36:17.364: [pcf] ERROR: [imsi-001011234567934:1] State machine exception (../src/pcf/pcf-sm.c:490)
02/26 23:36:17.417: [pcf] ERROR: [imsi-001011234567903:1] HTTP response error [404] (../src/pcf/sm-sm.c:217)
02/26 23:36:17.417: [pcf] ERROR: [imsi-001011234567903:1] State machine exception (../src/pcf/pcf-sm.c:490)
02/26 23:36:17.682: [pcf] ERROR: [imsi-001011234567907:1] HTTP response error [404] (../src/pcf/sm-sm.c:217)
02/26 23:36:17.682: [pcf] ERROR: [imsi-001011234567907:1] State machine exception (../src/pcf/pcf-sm.c:490)
02/26 23:36:18.121: [pcf] ERROR: [imsi-001011234567922:1] HTTP response error [404] (../src/pcf/sm-sm.c:217)
02/26 23:36:18.121: [pcf] ERROR: [imsi-001011234567922:1] State machine exception (../src/pcf/pcf-sm.c:490)
02/26 23:36:18.591: [pcf] ERROR: [imsi-001011234567900:1] HTTP response error [404] (../src/pcf/sm-sm.c:217)
02/26 23:36:18.591: [pcf] ERROR: [imsi-001011234567900:1] State machine exception (../src/pcf/pcf-sm.c:490)
02/26 23:36:18.852: [pcf] ERROR: [imsi-001011234567898:1] HTTP response error [404] (../src/pcf/sm-sm.c:217)
02/26 23:36:18.852: [pcf] ERROR: [imsi-001011234567898:1] State machine exception (../src/pcf/pcf-sm.c:490)
02/26 23:36:19.804: [pcf] ERROR: [imsi-001011234567933:1] HTTP response error [404] (../src/pcf/sm-sm.c:217)
02/26 23:36:19.804: [pcf] ERROR: [imsi-001011234567933:1] State machine exception (../src/pcf/pcf-sm.c:490)
02/26 23:36:19.855: [pcf] ERROR: [imsi-001011234567908:1] HTTP response error [404] (../src/pcf/sm-sm.c:217)
02/26 23:36:19.855: [pcf] ERROR: [imsi-001011234567908:1] State machine exception (../src/pcf/pcf-sm.c:490)
02/26 23:36:20.295: [pcf] ERROR: [imsi-001011234567910:1] HTTP response error [404] (../src/pcf/sm-sm.c:217)
02/26 23:36:20.296: [pcf] ERROR: [imsi-001011234567910:1] State machine exception (../src/pcf/pcf-sm.c:490)
02/26 23:36:20.512: [pcf] ERROR: [imsi-001011234567935:1] HTTP response error [404] (../src/pcf/sm-sm.c:217)
02/26 23:36:20.512: [pcf] ERROR: [imsi-001011234567935:1] State machine exception (../src/pcf/pcf-sm.c:490)
02/26 23:36:20.807: [pcf] ERROR: [imsi-001011234567923:1] HTTP response error [404] (../src/pcf/sm-sm.c:217)
02/26 23:36:20.807: [pcf] ERROR: [imsi-001011234567923:1] State machine exception (../src/pcf/pcf-sm.c:490)
02/26 23:36:21.253: [pcf] ERROR: [imsi-001011234567905:1] HTTP response error [404] (../src/pcf/sm-sm.c:217)
02/26 23:36:21.253: [pcf] ERROR: [imsi-001011234567905:1] State machine exception (../src/pcf/pcf-sm.c:490)
02/26 23:36:21.929: [pcf] ERROR: [imsi-001011234567924:1] HTTP response error [404] (../src/pcf/sm-sm.c:217)
02/26 23:36:21.930: [pcf] ERROR: [imsi-001011234567924:1] State machine exception (../src/pcf/pcf-sm.c:490)
02/26 23:36:22.675: [pcf] ERROR: [imsi-001011234567902:1] HTTP response error [404] (../src/pcf/sm-sm.c:217)
02/26 23:36:22.675: [pcf] ERROR: [imsi-001011234567902:1] State machine exception (../src/pcf/pcf-sm.c:490)
02/26 23:36:23.148: [pcf] ERROR: [imsi-001011234567937:1] HTTP response error [404] (../src/pcf/sm-sm.c:217)
02/26 23:36:23.148: [pcf] ERROR: [imsi-001011234567937:1] State machine exception (../src/pcf/pcf-sm.c:490)
02/26 23:36:23.388: [pcf] ERROR: [imsi-001011234567925:1] HTTP response error [404] (../src/pcf/sm-sm.c:217)
02/26 23:36:23.388: [pcf] ERROR: [imsi-001011234567925:1] State machine exception (../src/pcf/pcf-sm.c:490)
02/26 23:36:24.056: [pcf] ERROR: [imsi-001011234567909:1] HTTP response error [404] (../src/pcf/sm-sm.c:217)
02/26 23:36:24.056: [pcf] ERROR: [imsi-001011234567909:1] State machine exception (../src/pcf/pcf-sm.c:490)
02/26 23:36:24.298: [pcf] ERROR: [imsi-001011234567911:1] HTTP response error [404] (../src/pcf/sm-sm.c:217)
02/26 23:36:24.298: [pcf] ERROR: [imsi-001011234567911:1] State machine exception (../src/pcf/pcf-sm.c:490)
02/26 23:36:24.736: [pcf] ERROR: [imsi-001011234567936:1] HTTP response error [404] (../src/pcf/sm-sm.c:217)
02/26 23:36:24.736: [pcf] ERROR: [imsi-001011234567936:1] State machine exception (../src/pcf/pcf-sm.c:490)
02/26 23:36:24.985: [pcf] ERROR: [imsi-001011234567938:1] HTTP response error [404] (../src/pcf/sm-sm.c:217)
02/26 23:36:24.985: [pcf] ERROR: [imsi-001011234567938:1] State machine exception (../src/pcf/pcf-sm.c:490)
02/26 23:36:25.643: [pcf] ERROR: [imsi-001011234567901:1] HTTP response error [404] (../src/pcf/sm-sm.c:217)
02/26 23:36:25.643: [pcf] ERROR: [imsi-001011234567901:1] State machine exception (../src/pcf/pcf-sm.c:490)
02/26 23:36:26.293: [pcf] ERROR: [imsi-001011234567940:1] HTTP response error [404] (../src/pcf/sm-sm.c:217)
02/26 23:36:26.293: [pcf] ERROR: [imsi-001011234567940:1] State machine exception (../src/pcf/pcf-sm.c:490)
02/26 23:36:26.846: [pcf] ERROR: [imsi-001011234567927:1] HTTP response error [404] (../src/pcf/sm-sm.c:217)
02/26 23:36:26.846: [pcf] ERROR: [imsi-001011234567927:1] State machine exception (../src/pcf/pcf-sm.c:490)
02/26 23:36:27.304: [pcf] ERROR: [imsi-001011234567939:1] HTTP response error [404] (../src/pcf/sm-sm.c:217)
02/26 23:36:27.304: [pcf] ERROR: [imsi-001011234567939:1] State machine exception (../src/pcf/pcf-sm.c:490)
02/26 23:36:27.526: [pcf] ERROR: [imsi-001011234567904:1] HTTP response error [404] (../src/pcf/sm-sm.c:217)
02/26 23:36:27.526: [pcf] ERROR: [imsi-001011234567904:1] State machine exception (../src/pcf/pcf-sm.c:490)
02/26 23:36:27.744: [pcf] ERROR: [imsi-001011234567941:1] HTTP response error [404] (../src/pcf/sm-sm.c:217)
02/26 23:36:27.744: [pcf] ERROR: [imsi-001011234567941:1] State machine exception (../src/pcf/pcf-sm.c:490)
02/26 23:36:28.005: [pcf] ERROR: [imsi-001011234567926:1] HTTP response error [404] (../src/pcf/sm-sm.c:217)
02/26 23:36:28.005: [pcf] ERROR: [imsi-001011234567926:1] State machine exception (../src/pcf/pcf-sm.c:490)
02/26 23:36:28.011: [pcf] ERROR: [imsi-001011234567914:1] HTTP response error [404] (../src/pcf/sm-sm.c:217)
02/26 23:36:28.011: [pcf] ERROR: [imsi-001011234567914:1] State machine exception (../src/pcf/pcf-sm.c:490)
02/26 23:36:28.018: [pcf] ERROR: [imsi-001011234567897:1] HTTP response error [404] (../src/pcf/sm-sm.c:217)
02/26 23:36:28.019: [pcf] ERROR: [imsi-001011234567897:1] State machine exception (../src/pcf/pcf-sm.c:490)
02/26 23:36:28.274: [pcf] ERROR: [imsi-001011234567896:1] HTTP response error [404] (../src/pcf/sm-sm.c:217)
02/26 23:36:28.274: [pcf] ERROR: [imsi-001011234567896:1] State machine exception (../src/pcf/pcf-sm.c:490)
02/26 23:36:28.274: [pcf] ERROR: [imsi-001011234567928:1] HTTP response error [404] (../src/pcf/sm-sm.c:217)
02/26 23:36:28.274: [pcf] ERROR: [imsi-001011234567928:1] State machine exception (../src/pcf/pcf-sm.c:490)
02/26 23:36:28.496: [pcf] ERROR: [imsi-001011234567942:1] HTTP response error [404] (../src/pcf/sm-sm.c:217)
02/26 23:36:28.496: [pcf] ERROR: [imsi-001011234567942:1] State machine exception (../src/pcf/pcf-sm.c:490)
02/26 23:36:28.496: [pcf] ERROR: [imsi-001011234567916:1] HTTP response error [404] (../src/pcf/sm-sm.c:217)
02/26 23:36:28.496: [pcf] ERROR: [imsi-001011234567916:1] State machine exception (../src/pcf/pcf-sm.c:490)
02/26 23:36:28.496: [pcf] ERROR: [imsi-001011234567915:1] HTTP response error [404] (../src/pcf/sm-sm.c:217)
02/26 23:36:28.496: [pcf] ERROR: [imsi-001011234567915:1] State machine exception (../src/pcf/pcf-sm.c:490)
02/26 23:36:28.571: [pcf] ERROR: [imsi-001011234567917:1] HTTP response error [404] (../src/pcf/sm-sm.c:217)
02/26 23:36:28.571: [pcf] ERROR: [imsi-001011234567917:1] State machine exception (../src/pcf/pcf-sm.c:490)
02/26 23:36:29.331: [pcf] ERROR: [imsi-001011234567912:1] HTTP response error [404] (../src/pcf/sm-sm.c:217)
02/26 23:36:29.331: [pcf] ERROR: [imsi-001011234567912:1] State machine exception (../src/pcf/pcf-sm.c:490)
02/26 23:36:29.571: [pcf] ERROR: [imsi-001011234567895:1] HTTP response error [404] (../src/pcf/sm-sm.c:217)
02/26 23:36:29.572: [pcf] ERROR: [imsi-001011234567895:1] State machine exception (../src/pcf/pcf-sm.c:490)
02/26 23:36:29.572: [pcf] ERROR: [imsi-001011234567930:1] HTTP response error [404] (../src/pcf/sm-sm.c:217)
02/26 23:36:29.572: [pcf] ERROR: [imsi-001011234567930:1] State machine exception (../src/pcf/pcf-sm.c:490)
02/26 23:36:30.421: [pcf] ERROR: [imsi-001011234567944:1] HTTP response error [404] (../src/pcf/sm-sm.c:217)
02/26 23:36:30.421: [pcf] ERROR: [imsi-001011234567944:1] State machine exception (../src/pcf/pcf-sm.c:490)
02/26 23:36:31.478: [pcf] ERROR: [imsi-001011234567943:1] HTTP response error [404] (../src/pcf/sm-sm.c:217)
02/26 23:36:31.479: [pcf] ERROR: [imsi-001011234567943:1] State machine exception (../src/pcf/pcf-sm.c:490)
02/26 23:36:32.481: [pcf] ERROR: [imsi-001011234567929:1] HTTP response error [404] (../src/pcf/sm-sm.c:217)
02/26 23:36:32.481: [pcf] ERROR: [imsi-001011234567929:1] State machine exception (../src/pcf/pcf-sm.c:490)
02/26 23:36:33.007: [pcf] ERROR: [imsi-001011234567918:1] HTTP response error [404] (../src/pcf/sm-sm.c:217)
02/26 23:36:33.007: [pcf] ERROR: [imsi-001011234567918:1] State machine exception (../src/pcf/pcf-sm.c:490)
02/26 23:40:56.965: [pcf] ERROR: [imsi-001011234567907:1] HTTP response error [404] (../src/pcf/sm-sm.c:217)
02/26 23:40:56.965: [pcf] ERROR: [imsi-001011234567907:1] State machine exception (../src/pcf/pcf-sm.c:490)
02/26 23:40:57.408: [pcf] ERROR: [imsi-001011234567933:1] HTTP response error [404] (../src/pcf/sm-sm.c:217)
02/26 23:40:57.409: [pcf] ERROR: [imsi-001011234567933:1] State machine exception (../src/pcf/pcf-sm.c:490)
02/26 23:40:57.648: [pcf] ERROR: [imsi-001011234567934:1] HTTP response error [404] (../src/pcf/sm-sm.c:217)
02/26 23:40:57.648: [pcf] ERROR: [imsi-001011234567934:1] State machine exception (../src/pcf/pcf-sm.c:490)
02/26 23:40:57.869: [pcf] ERROR: [imsi-001011234567906:1] HTTP response error [404] (../src/pcf/sm-sm.c:217)
02/26 23:40:57.869: [pcf] ERROR: [imsi-001011234567906:1] State machine exception (../src/pcf/pcf-sm.c:490)
02/26 23:40:58.125: [pcf] ERROR: [imsi-001011234567921:1] HTTP response error [404] (../src/pcf/sm-sm.c:217)
02/26 23:40:58.125: [pcf] ERROR: [imsi-001011234567921:1] State machine exception (../src/pcf/pcf-sm.c:490)
02/26 23:40:58.125: [pcf] ERROR: [imsi-001011234567896:1] HTTP response error [404] (../src/pcf/sm-sm.c:217)
02/26 23:40:58.125: [pcf] ERROR: [imsi-001011234567896:1] State machine exception (../src/pcf/pcf-sm.c:490)
02/26 23:40:59.044: [pcf] ERROR: [imsi-001011234567903:1] HTTP response error [404] (../src/pcf/sm-sm.c:217)
02/26 23:40:59.044: [pcf] ERROR: [imsi-001011234567903:1] State machine exception (../src/pcf/pcf-sm.c:490)
02/26 23:40:59.272: [pcf] ERROR: [imsi-001011234567922:1] HTTP response error [404] (../src/pcf/sm-sm.c:217)
02/26 23:40:59.272: [pcf] ERROR: [imsi-001011234567922:1] State machine exception (../src/pcf/pcf-sm.c:490)
02/26 23:40:59.505: [pcf] ERROR: [imsi-001011234567897:1] HTTP response error [404] (../src/pcf/sm-sm.c:217)
02/26 23:40:59.505: [pcf] ERROR: [imsi-001011234567897:1] State machine exception (../src/pcf/pcf-sm.c:490)
02/26 23:40:59.726: [pcf] ERROR: [imsi-001011234567919:1] HTTP response error [404] (../src/pcf/sm-sm.c:217)
02/26 23:40:59.726: [pcf] ERROR: [imsi-001011234567919:1] State machine exception (../src/pcf/pcf-sm.c:490)
02/26 23:40:59.941: [pcf] ERROR: [imsi-001011234567898:1] HTTP response error [404] (../src/pcf/sm-sm.c:217)
02/26 23:40:59.941: [pcf] ERROR: [imsi-001011234567898:1] State machine exception (../src/pcf/pcf-sm.c:490)
02/26 23:40:59.941: [pcf] ERROR: [imsi-001011234567899:1] HTTP response error [404] (../src/pcf/sm-sm.c:217)
02/26 23:40:59.941: [pcf] ERROR: [imsi-001011234567899:1] State machine exception (../src/pcf/pcf-sm.c:490)
02/26 23:41:00.256: [pcf] ERROR: [imsi-001011234567909:1] HTTP response error [404] (../src/pcf/sm-sm.c:217)
02/26 23:41:00.256: [pcf] ERROR: [imsi-001011234567909:1] State machine exception (../src/pcf/pcf-sm.c:490)
02/26 23:41:00.748: [pcf] ERROR: [imsi-001011234567908:1] HTTP response error [404] (../src/pcf/sm-sm.c:217)
02/26 23:41:00.748: [pcf] ERROR: [imsi-001011234567908:1] State machine exception (../src/pcf/pcf-sm.c:490)
02/26 23:41:01.009: [pcf] ERROR: [imsi-001011234567901:1] HTTP response error [404] (../src/pcf/sm-sm.c:217)
02/26 23:41:01.009: [pcf] ERROR: [imsi-001011234567901:1] State machine exception (../src/pcf/pcf-sm.c:490)
02/26 23:41:01.009: [pcf] ERROR: [imsi-001011234567895:1] HTTP response error [404] (../src/pcf/sm-sm.c:217)
02/26 23:41:01.009: [pcf] ERROR: [imsi-001011234567895:1] State machine exception (../src/pcf/pcf-sm.c:490)
02/26 23:41:01.919: [pcf] ERROR: [imsi-001011234567902:1] HTTP response error [404] (../src/pcf/sm-sm.c:217)
02/26 23:41:01.919: [pcf] ERROR: [imsi-001011234567902:1] State machine exception (../src/pcf/pcf-sm.c:490)
02/26 23:41:03.360: [pcf] ERROR: [imsi-001011234567936:1] HTTP response error [404] (../src/pcf/sm-sm.c:217)
02/26 23:41:03.360: [pcf] ERROR: [imsi-001011234567936:1] State machine exception (../src/pcf/pcf-sm.c:490)
02/26 23:41:03.360: [pcf] ERROR: [imsi-001011234567944:1] HTTP response error [404] (../src/pcf/sm-sm.c:217)
02/26 23:41:03.360: [pcf] ERROR: [imsi-001011234567944:1] State machine exception (../src/pcf/pcf-sm.c:490)
02/26 23:41:03.575: [pcf] ERROR: [imsi-001011234567900:1] HTTP response error [404] (../src/pcf/sm-sm.c:217)
02/26 23:41:03.575: [pcf] ERROR: [imsi-001011234567900:1] State machine exception (../src/pcf/pcf-sm.c:490)
02/26 23:41:03.578: [pcf] ERROR: [imsi-001011234567910:1] HTTP response error [404] (../src/pcf/sm-sm.c:217)
02/26 23:41:03.578: [pcf] ERROR: [imsi-001011234567910:1] State machine exception (../src/pcf/pcf-sm.c:490)
02/26 23:41:03.855: [pcf] ERROR: [imsi-001011234567911:1] HTTP response error [404] (../src/pcf/sm-sm.c:217)
02/26 23:41:03.856: [pcf] ERROR: [imsi-001011234567911:1] State machine exception (../src/pcf/pcf-sm.c:490)
02/26 23:41:04.082: [pcf] ERROR: [imsi-001011234567920:1] HTTP response error [404] (../src/pcf/sm-sm.c:217)
02/26 23:41:04.082: [pcf] ERROR: [imsi-001011234567920:1] State machine exception (../src/pcf/pcf-sm.c:490)
02/26 23:41:05.015: [pcf] ERROR: [imsi-001011234567898:1] HTTP response error [404] (../src/pcf/sm-sm.c:217)
02/26 23:41:05.015: [pcf] ERROR: [imsi-001011234567898:1] State machine exception (../src/pcf/pcf-sm.c:490)
02/26 23:41:05.232: [pcf] ERROR: [imsi-001011234567935:1] HTTP response error [404] (../src/pcf/sm-sm.c:217)
02/26 23:41:05.232: [pcf] ERROR: [imsi-001011234567935:1] State machine exception (../src/pcf/pcf-sm.c:490)
02/26 23:41:05.233: [pcf] ERROR: [imsi-001011234567910:1] HTTP response error [404] (../src/pcf/sm-sm.c:217)
02/26 23:41:05.233: [pcf] ERROR: [imsi-001011234567910:1] State machine exception (../src/pcf/pcf-sm.c:490)
02/26 23:41:06.090: [pcf] ERROR: [imsi-001011234567923:1] HTTP response error [404] (../src/pcf/sm-sm.c:217)
02/26 23:41:06.090: [pcf] ERROR: [imsi-001011234567923:1] State machine exception (../src/pcf/pcf-sm.c:490)
02/26 23:41:06.585: [pcf] ERROR: [imsi-001011234567932:1] HTTP response error [404] (../src/pcf/sm-sm.c:217)
02/26 23:41:06.585: [pcf] ERROR: [imsi-001011234567932:1] State machine exception (../src/pcf/pcf-sm.c:490)
02/26 23:41:07.149: [pcf] ERROR: [imsi-001011234567906:1] HTTP response error [404] (../src/pcf/sm-sm.c:217)
02/26 23:41:07.149: [pcf] ERROR: [imsi-001011234567906:1] State machine exception (../src/pcf/pcf-sm.c:490)
02/26 23:41:07.371: [pcf] ERROR: [imsi-001011234567907:1] HTTP response error [404] (../src/pcf/sm-sm.c:217)
02/26 23:41:07.371: [pcf] ERROR: [imsi-001011234567907:1] State machine exception (../src/pcf/pcf-sm.c:490)
02/26 23:41:07.981: [pcf] ERROR: [imsi-001011234567933:1] HTTP response error [404] (../src/pcf/sm-sm.c:217)
02/26 23:41:07.981: [pcf] ERROR: [imsi-001011234567933:1] State machine exception (../src/pcf/pcf-sm.c:490)
02/26 23:41:08.807: [pcf] ERROR: [imsi-001011234567899:1] HTTP response error [404] (../src/pcf/sm-sm.c:217)
02/26 23:41:08.807: [pcf] ERROR: [imsi-001011234567899:1] State machine exception (../src/pcf/pcf-sm.c:490)
02/26 23:41:08.823: [pcf] ERROR: [imsi-001011234567921:1] HTTP response error [404] (../src/pcf/sm-sm.c:217)
02/26 23:41:08.823: [pcf] ERROR: [imsi-001011234567921:1] State machine exception (../src/pcf/pcf-sm.c:490)
02/26 23:41:09.256: [pcf] ERROR: [imsi-001011234567924:1] HTTP response error [404] (../src/pcf/sm-sm.c:217)
02/26 23:41:09.258: [pcf] ERROR: [imsi-001011234567924:1] State machine exception (../src/pcf/pcf-sm.c:490)
02/26 23:41:10.270: [pcf] ERROR: [imsi-001011234567937:1] HTTP response error [404] (../src/pcf/sm-sm.c:217)
02/26 23:41:10.271: [pcf] ERROR: [imsi-001011234567937:1] State machine exception (../src/pcf/pcf-sm.c:490)
02/26 23:41:11.236: [pcf] ERROR: [imsi-001011234567909:1] HTTP response error [404] (../src/pcf/sm-sm.c:217)
02/26 23:41:11.236: [pcf] ERROR: [imsi-001011234567909:1] State machine exception (../src/pcf/pcf-sm.c:490)
02/26 23:41:11.720: [pcf] ERROR: [imsi-001011234567908:1] HTTP response error [404] (../src/pcf/sm-sm.c:217)
02/26 23:41:11.720: [pcf] ERROR: [imsi-001011234567908:1] State machine exception (../src/pcf/pcf-sm.c:490)
02/26 23:41:12.412: [pcf] ERROR: [imsi-001011234567901:1] HTTP response error [404] (../src/pcf/sm-sm.c:217)
02/26 23:41:12.413: [pcf] ERROR: [imsi-001011234567901:1] State machine exception (../src/pcf/pcf-sm.c:490)
02/26 23:41:12.688: [pcf] ERROR: [imsi-001011234567939:1] HTTP response error [404] (../src/pcf/sm-sm.c:217)
02/26 23:41:12.688: [pcf] ERROR: [imsi-001011234567939:1] State machine exception (../src/pcf/pcf-sm.c:490)
02/26 23:41:12.750: [pcf] ERROR: [imsi-001011234567925:1] HTTP response error [404] (../src/pcf/sm-sm.c:217)
02/26 23:41:12.750: [pcf] ERROR: [imsi-001011234567925:1] State machine exception (../src/pcf/pcf-sm.c:490)
02/26 23:41:12.980: [pcf] ERROR: [imsi-001011234567919:1] HTTP response error [404] (../src/pcf/sm-sm.c:217)
02/26 23:41:12.981: [pcf] ERROR: [imsi-001011234567919:1] State machine exception (../src/pcf/pcf-sm.c:490)
02/26 23:41:13.411: [pcf] ERROR: [imsi-001011234567900:1] HTTP response error [404] (../src/pcf/sm-sm.c:217)
02/26 23:41:13.411: [pcf] ERROR: [imsi-001011234567900:1] State machine exception (../src/pcf/pcf-sm.c:490)
02/26 23:41:14.353: [pcf] ERROR: [imsi-001011234567926:1] HTTP response error [404] (../src/pcf/sm-sm.c:217)
02/26 23:41:14.353: [pcf] ERROR: [imsi-001011234567926:1] State machine exception (../src/pcf/pcf-sm.c:490)
02/26 23:41:14.891: [pcf] ERROR: [imsi-001011234567912:1] HTTP response error [404] (../src/pcf/sm-sm.c:217)
02/26 23:41:14.891: [pcf] ERROR: [imsi-001011234567912:1] State machine exception (../src/pcf/pcf-sm.c:490)
02/26 23:55:08.639: [pcf] ERROR: [imsi-001011234567901:1] HTTP response error [404] (../src/pcf/sm-sm.c:217)
02/26 23:55:08.640: [pcf] ERROR: [imsi-001011234567901:1] State machine exception (../src/pcf/pcf-sm.c:490)
02/26 23:55:09.684: [pcf] ERROR: [imsi-001011234567900:1] HTTP response error [404] (../src/pcf/sm-sm.c:217)
02/26 23:55:09.684: [pcf] ERROR: [imsi-001011234567900:1] State machine exception (../src/pcf/pcf-sm.c:490)
02/26 23:55:10.144: [pcf] ERROR: [imsi-001011234567909:1] HTTP response error [404] (../src/pcf/sm-sm.c:217)
02/26 23:55:10.145: [pcf] ERROR: [imsi-001011234567909:1] State machine exception (../src/pcf/pcf-sm.c:490)
02/26 23:55:10.585: [pcf] ERROR: [imsi-001011234567902:1] HTTP response error [404] (../src/pcf/sm-sm.c:217)
02/26 23:55:10.585: [pcf] ERROR: [imsi-001011234567902:1] State machine exception (../src/pcf/pcf-sm.c:490)
02/26 23:55:10.585: [pcf] ERROR: [imsi-001011234567935:1] HTTP response error [404] (../src/pcf/sm-sm.c:217)
02/26 23:55:10.585: [pcf] ERROR: [imsi-001011234567935:1] State machine exception (../src/pcf/pcf-sm.c:490)
02/26 23:55:11.240: [pcf] ERROR: [imsi-001011234567934:1] HTTP response error [404] (../src/pcf/sm-sm.c:217)
02/26 23:55:11.240: [pcf] ERROR: [imsi-001011234567934:1] State machine exception (../src/pcf/pcf-sm.c:490)
02/26 23:55:12.122: [pcf] ERROR: [imsi-001011234567939:1] HTTP response error [404] (../src/pcf/sm-sm.c:217)
02/26 23:55:12.123: [pcf] ERROR: [imsi-001011234567939:1] State machine exception (../src/pcf/pcf-sm.c:490)
02/26 23:55:12.571: [pcf] ERROR: [imsi-001011234567910:1] HTTP response error [404] (../src/pcf/sm-sm.c:217)
02/26 23:55:12.572: [pcf] ERROR: [imsi-001011234567910:1] State machine exception (../src/pcf/pcf-sm.c:490)
02/26 23:55:13.469: [pcf] ERROR: [imsi-001011234567911:1] HTTP response error [404] (../src/pcf/sm-sm.c:217)
02/26 23:55:13.470: [pcf] ERROR: [imsi-001011234567911:1] State machine exception (../src/pcf/pcf-sm.c:490)
02/26 23:55:13.887: [pcf] ERROR: [imsi-001011234567933:1] HTTP response error [404] (../src/pcf/sm-sm.c:217)
02/26 23:55:13.887: [pcf] ERROR: [imsi-001011234567933:1] State machine exception (../src/pcf/pcf-sm.c:490)
02/26 23:55:14.120: [pcf] ERROR: [imsi-001011234567924:1] HTTP response error [404] (../src/pcf/sm-sm.c:217)
02/26 23:55:14.121: [pcf] ERROR: [imsi-001011234567924:1] State machine exception (../src/pcf/pcf-sm.c:490)
02/26 23:55:14.121: [pcf] ERROR: [imsi-001011234567908:1] HTTP response error [404] (../src/pcf/sm-sm.c:217)
02/26 23:55:14.121: [pcf] ERROR: [imsi-001011234567908:1] State machine exception (../src/pcf/pcf-sm.c:490)
02/26 23:55:14.336: [pcf] ERROR: [imsi-001011234567936:1] HTTP response error [404] (../src/pcf/sm-sm.c:217)
02/26 23:55:14.337: [pcf] ERROR: [imsi-001011234567936:1] State machine exception (../src/pcf/pcf-sm.c:490)
02/26 23:55:15.647: [pcf] ERROR: [imsi-001011234567937:1] HTTP response error [404] (../src/pcf/sm-sm.c:217)
02/26 23:55:15.647: [pcf] ERROR: [imsi-001011234567937:1] State machine exception (../src/pcf/pcf-sm.c:490)
02/26 23:55:16.971: [pcf] ERROR: [imsi-001011234567912:1] HTTP response error [404] (../src/pcf/sm-sm.c:217)
02/26 23:55:16.971: [pcf] ERROR: [imsi-001011234567912:1] State machine exception (../src/pcf/pcf-sm.c:490)
02/26 23:55:17.480: [pcf] ERROR: [imsi-001011234567938:1] HTTP response error [404] (../src/pcf/sm-sm.c:217)
02/26 23:55:17.480: [pcf] ERROR: [imsi-001011234567938:1] State machine exception (../src/pcf/pcf-sm.c:490)
02/26 23:55:18.377: [pcf] ERROR: [imsi-001011234567899:1] HTTP response error [404] (../src/pcf/sm-sm.c:217)
02/26 23:55:18.377: [pcf] ERROR: [imsi-001011234567899:1] State machine exception (../src/pcf/pcf-sm.c:490)
02/26 23:55:18.954: [pcf] ERROR: [imsi-001011234567915:1] HTTP response error [404] (../src/pcf/sm-sm.c:217)
02/26 23:55:18.954: [pcf] ERROR: [imsi-001011234567915:1] State machine exception (../src/pcf/pcf-sm.c:490)
02/26 23:55:19.238: [pcf] ERROR: [imsi-001011234567903:1] HTTP response error [404] (../src/pcf/sm-sm.c:217)
02/26 23:55:19.239: [pcf] ERROR: [imsi-001011234567903:1] State machine exception (../src/pcf/pcf-sm.c:490)
02/26 23:55:22.269: [pcf] ERROR: [imsi-001011234567942:1] HTTP response error [404] (../src/pcf/sm-sm.c:217)
02/26 23:55:22.278: [pcf] ERROR: [imsi-001011234567942:1] State machine exception (../src/pcf/pcf-sm.c:490)
02/26 23:55:22.278: [pcf] ERROR: [imsi-001011234567927:1] HTTP response error [404] (../src/pcf/sm-sm.c:217)
02/26 23:55:22.282: [pcf] ERROR: [imsi-001011234567927:1] State machine exception (../src/pcf/pcf-sm.c:490)
02/26 23:55:22.870: [pcf] ERROR: [imsi-001011234567907:1] HTTP response error [404] (../src/pcf/sm-sm.c:217)
02/26 23:55:22.870: [pcf] ERROR: [imsi-001011234567907:1] State machine exception (../src/pcf/pcf-sm.c:490)
02/26 23:55:23.427: [pcf] ERROR: [imsi-001011234567928:1] HTTP response error [404] (../src/pcf/sm-sm.c:217)
02/26 23:55:23.428: [pcf] ERROR: [imsi-001011234567928:1] State machine exception (../src/pcf/pcf-sm.c:490)
02/26 23:55:24.009: [pcf] ERROR: [imsi-001011234567920:1] HTTP response error [404] (../src/pcf/sm-sm.c:217)
02/26 23:55:24.011: [pcf] ERROR: [imsi-001011234567920:1] State machine exception (../src/pcf/pcf-sm.c:490)
02/26 23:55:24.013: [pcf] ERROR: [imsi-001011234567919:1] HTTP response error [404] (../src/pcf/sm-sm.c:217)
02/26 23:55:24.014: [pcf] ERROR: [imsi-001011234567919:1] State machine exception (../src/pcf/pcf-sm.c:490)
02/26 23:55:24.457: [pcf] ERROR: [imsi-001011234567931:1] HTTP response error [404] (../src/pcf/sm-sm.c:217)
02/26 23:55:24.457: [pcf] ERROR: [imsi-001011234567931:1] State machine exception (../src/pcf/pcf-sm.c:490)
02/26 23:55:25.594: [pcf] ERROR: [imsi-001011234567944:1] HTTP response error [404] (../src/pcf/sm-sm.c:217)
02/26 23:55:25.595: [pcf] ERROR: [imsi-001011234567944:1] State machine exception (../src/pcf/pcf-sm.c:490)
02/26 23:55:26.085: [pcf] ERROR: [imsi-001011234567916:1] HTTP response error [404] (../src/pcf/sm-sm.c:217)
02/26 23:55:26.085: [pcf] ERROR: [imsi-001011234567916:1] State machine exception (../src/pcf/pcf-sm.c:490)
02/26 23:55:26.296: [pcf] ERROR: [imsi-001011234567905:1] HTTP response error [404] (../src/pcf/sm-sm.c:217)
02/26 23:55:26.297: [pcf] ERROR: [imsi-001011234567905:1] State machine exception (../src/pcf/pcf-sm.c:490)
02/26 23:55:29.688: [pcf] ERROR: [imsi-001011234567929:1] HTTP response error [404] (../src/pcf/sm-sm.c:217)
02/26 23:55:29.689: [pcf] ERROR: [imsi-001011234567929:1] State machine exception (../src/pcf/pcf-sm.c:490)
02/26 23:55:30.921: [pcf] ERROR: [imsi-001011234567918:1] HTTP response error [404] (../src/pcf/sm-sm.c:217)
02/26 23:55:30.921: [pcf] ERROR: [imsi-001011234567918:1] State machine exception (../src/pcf/pcf-sm.c:490)
02/26 23:55:32.481: [pcf] ERROR: [imsi-001011234567917:1] HTTP response error [404] (../src/pcf/sm-sm.c:217)
02/26 23:55:32.481: [pcf] ERROR: [imsi-001011234567917:1] State machine exception (../src/pcf/pcf-sm.c:490)
02/26 23:55:33.401: [pcf] ERROR: [imsi-001011234567897:1] HTTP response error [404] (../src/pcf/sm-sm.c:217)
02/26 23:55:33.402: [pcf] ERROR: [imsi-001011234567897:1] State machine exception (../src/pcf/pcf-sm.c:490)
02/26 23:55:35.311: [pcf] ERROR: [imsi-001011234567943:1] HTTP response error [404] (../src/pcf/sm-sm.c:217)
02/26 23:55:35.311: [pcf] ERROR: [imsi-001011234567943:1] State machine exception (../src/pcf/pcf-sm.c:490)
02/26 23:55:35.944: [pcf] ERROR: [imsi-001011234567895:1] HTTP response error [404] (../src/pcf/sm-sm.c:217)
02/26 23:55:35.944: [pcf] ERROR: [imsi-001011234567895:1] State machine exception (../src/pcf/pcf-sm.c:490)
02/26 23:55:36.380: [pcf] ERROR: [imsi-001011234567898:1] HTTP response error [404] (../src/pcf/sm-sm.c:217)
02/26 23:55:36.381: [pcf] ERROR: [imsi-001011234567898:1] State machine exception (../src/pcf/pcf-sm.c:490)
02/27 00:36:15.135: [pcf] INFO: [21cf4f6e-970d-41ec-b33a-158d592db013] NF expired (../src/pcf/nf-sm.c:294)
Open5GS daemon v2.4.4-10-g757285b

02/27 00:53:41.547: [app] INFO: Configuration: '/open5gs/install/etc/open5gs/pcf.yaml' (../lib/app/ogs-init.c:129)
02/27 00:53:41.547: [app] INFO: File Logging: '/open5gs/install/var/log/open5gs/pcf.log' (../lib/app/ogs-init.c:132)
02/27 00:53:41.549: [dbi] INFO: MongoDB URI: 'mongodb://172.22.0.2/open5gs' (../lib/dbi/ogs-mongoc.c:130)
02/27 00:53:41.549: [sbi] INFO: nghttp2_server() [172.22.0.27]:7777 (../lib/sbi/nghttp2-server.c:144)
02/27 00:53:41.550: [app] INFO: PCF initialize...done (../src/pcf/app.c:31)
02/27 00:53:41.551: [pcf] INFO: [089d1646-972d-41ec-8ec5-dbe77f015447] NF registred [Heartbeat:10s] (../src/pcf/nf-sm.c:198)
02/27 00:53:41.623: [pcf] INFO: [08a84e76-972d-41ec-875f-43bbba5c99bf] (NRF-notify) NF registered (../src/pcf/nnrf-handler.c:180)
02/27 00:53:41.623: [pcf] INFO: [08a84e76-972d-41ec-875f-43bbba5c99bf] (NRF-notify) NF Profile updated (../src/pcf/nnrf-handler.c:199)
Open5GS daemon v2.4.4-10-g757285b

02/27 00:55:00.863: [app] INFO: Configuration: '/open5gs/install/etc/open5gs/pcf.yaml' (../lib/app/ogs-init.c:129)
02/27 00:55:00.863: [app] INFO: File Logging: '/open5gs/install/var/log/open5gs/pcf.log' (../lib/app/ogs-init.c:132)
02/27 00:55:00.866: [dbi] INFO: MongoDB URI: 'mongodb://172.22.0.2/open5gs' (../lib/dbi/ogs-mongoc.c:130)
02/27 00:55:00.866: [sbi] INFO: nghttp2_server() [172.22.0.27]:7777 (../lib/sbi/nghttp2-server.c:144)
02/27 00:55:00.866: [app] INFO: PCF initialize...done (../src/pcf/app.c:31)
02/27 00:55:00.868: [pcf] INFO: [37e3c8c8-972d-41ec-ae34-efc99ad49e33] NF registred [Heartbeat:10s] (../src/pcf/nf-sm.c:198)
02/27 00:59:23.576: [app] WARNING: Try to discover [UDR] (../lib/sbi/path.c:110)
02/27 00:59:23.577: [pcf] INFO: [374e9c08-972d-41ec-89c1-b1fe4a93691c] (NF-discover) NF registered (../src/pcf/nnrf-handler.c:286)
02/27 00:59:23.577: [pcf] INFO: [374e9c08-972d-41ec-89c1-b1fe4a93691c] (NF-discover) NF Profile updated (../src/pcf/nnrf-handler.c:346)
02/27 00:59:23.792: [app] WARNING: Try to discover [BSF] (../lib/sbi/path.c:110)
02/27 00:59:23.792: [pcf] INFO: [3723661e-972d-41ec-8e51-fb78e2c269c4] (NF-discover) NF registered (../src/pcf/nnrf-handler.c:286)
02/27 00:59:23.792: [pcf] INFO: [3723661e-972d-41ec-8e51-fb78e2c269c4] (NF-discover) NF Profile updated (../src/pcf/nnrf-handler.c:346)
Open5GS daemon v2.4.4-10-g757285b

02/27 01:08:12.545: [app] INFO: Configuration: '/open5gs/install/etc/open5gs/pcf.yaml' (../lib/app/ogs-init.c:129)
02/27 01:08:12.545: [app] INFO: File Logging: '/open5gs/install/var/log/open5gs/pcf.log' (../lib/app/ogs-init.c:132)
02/27 01:08:12.548: [dbi] INFO: MongoDB URI: 'mongodb://172.22.0.2/open5gs' (../lib/dbi/ogs-mongoc.c:130)
02/27 01:08:12.548: [sbi] INFO: nghttp2_server() [172.22.0.27]:7777 (../lib/sbi/nghttp2-server.c:144)
02/27 01:08:12.548: [app] INFO: PCF initialize...done (../src/pcf/app.c:31)
02/27 01:08:12.550: [pcf] INFO: [0fc4f22a-972f-41ec-9abe-013807b34108] NF registred [Heartbeat:10s] (../src/pcf/nf-sm.c:198)
02/27 01:08:17.552: [app] WARNING: Try to discover [UDR] (../lib/sbi/path.c:110)
02/27 01:08:17.552: [pcf] INFO: [0f23ee48-972f-41ec-a516-f182046fd3c2] (NF-discover) NF registered (../src/pcf/nnrf-handler.c:286)
02/27 01:08:17.552: [pcf] INFO: [0f23ee48-972f-41ec-a516-f182046fd3c2] (NF-discover) NF Profile updated (../src/pcf/nnrf-handler.c:346)
02/27 01:08:17.770: [app] WARNING: Try to discover [BSF] (../lib/sbi/path.c:110)
02/27 01:08:17.770: [pcf] INFO: [0ea0a07e-972f-41ec-8ed8-1f328a19c464] (NF-discover) NF registered (../src/pcf/nnrf-handler.c:286)
02/27 01:08:17.770: [pcf] INFO: [0ea0a07e-972f-41ec-8ed8-1f328a19c464] (NF-discover) NF Profile updated (../src/pcf/nnrf-handler.c:346)
Open5GS daemon v2.4.4-10-g757285b

02/28 19:39:57.896: [app] INFO: Configuration: '/open5gs/install/etc/open5gs/pcf.yaml' (../lib/app/ogs-init.c:129)
02/28 19:39:57.896: [app] INFO: File Logging: '/open5gs/install/var/log/open5gs/pcf.log' (../lib/app/ogs-init.c:132)
02/28 19:40:00.973: [dbi] WARNING: Failed to connect to server [mongodb://172.22.0.2/open5gs] (../lib/dbi/ogs-mongoc.c:122)
02/28 19:40:00.973: [app] ERROR: Failed to intialize PCF (../src/pcf/app.c:28)
