Open5GS daemon v2.4.4-10-g757285b

02/20 20:41:45.226: [app] INFO: Configuration: '/open5gs/install/etc/open5gs/pcrf.yaml' (../lib/app/ogs-init.c:129)
02/20 20:41:45.226: [app] INFO: File Logging: '/open5gs/install/var/log/open5gs/pcrf.log' (../lib/app/ogs-init.c:132)
02/20 20:41:45.228: [dbi] INFO: MongoDB URI: 'mongodb://172.22.0.2/open5gs' (../lib/dbi/ogs-mongoc.c:130)
02/20 20:41:45.294: [app] INFO: PCRF initialize...done (../src/pcrf/app-init.c:31)
02/20 20:41:45.298: [diam] INFO: CONNECTED TO 'smf.epc.mnc001.mcc001.3gppnetwork.org' (SCTP,soc#13): (../lib/diameter/common/logger.c:108)
Open5GS daemon v2.4.4-10-g757285b

02/25 23:40:03.592: [app] INFO: Configuration: '/open5gs/install/etc/open5gs/pcrf.yaml' (../lib/app/ogs-init.c:129)
02/25 23:40:03.592: [app] INFO: File Logging: '/open5gs/install/var/log/open5gs/pcrf.log' (../lib/app/ogs-init.c:132)
02/25 23:40:03.594: [dbi] INFO: MongoDB URI: 'mongodb://172.22.0.2/open5gs' (../lib/dbi/ogs-mongoc.c:130)
02/25 23:40:03.640: [app] INFO: PCRF initialize...done (../src/pcrf/app-init.c:31)
02/25 23:40:03.645: [diam] INFO: CONNECTED TO 'smf.epc.mnc001.mcc001.3gppnetwork.org' (SCTP,soc#15): (../lib/diameter/common/logger.c:108)
Open5GS daemon v2.4.4-10-g757285b

02/26 17:00:51.554: [app] INFO: Configuration: '/open5gs/install/etc/open5gs/pcrf.yaml' (../lib/app/ogs-init.c:129)
02/26 17:00:51.554: [app] INFO: File Logging: '/open5gs/install/var/log/open5gs/pcrf.log' (../lib/app/ogs-init.c:132)
02/26 17:00:51.559: [dbi] INFO: MongoDB URI: 'mongodb://172.22.0.2/open5gs' (../lib/dbi/ogs-mongoc.c:130)
02/26 17:00:51.634: [app] INFO: PCRF initialize...done (../src/pcrf/app-init.c:31)
02/26 17:00:51.641: [diam] INFO: CONNECTED TO 'smf.epc.mnc001.mcc001.3gppnetwork.org' (SCTP,soc#16): (../lib/diameter/common/logger.c:108)
Open5GS daemon v2.4.4-10-g757285b

02/26 17:09:20.827: [app] INFO: Configuration: '/open5gs/install/etc/open5gs/pcrf.yaml' (../lib/app/ogs-init.c:129)
02/26 17:09:20.828: [app] INFO: File Logging: '/open5gs/install/var/log/open5gs/pcrf.log' (../lib/app/ogs-init.c:132)
02/26 17:09:20.830: [dbi] INFO: MongoDB URI: 'mongodb://172.22.0.2/open5gs' (../lib/dbi/ogs-mongoc.c:130)
02/26 17:09:20.971: [app] INFO: PCRF initialize...done (../src/pcrf/app-init.c:31)
02/26 17:09:20.973: [diam] INFO: CONNECTED TO 'smf.epc.mnc001.mcc001.3gppnetwork.org' (SCTP,soc#15): (../lib/diameter/common/logger.c:108)
Open5GS daemon v2.4.4-10-g757285b

02/26 21:05:19.718: [app] INFO: Configuration: '/open5gs/install/etc/open5gs/pcrf.yaml' (../lib/app/ogs-init.c:129)
02/26 21:05:19.718: [app] INFO: File Logging: '/open5gs/install/var/log/open5gs/pcrf.log' (../lib/app/ogs-init.c:132)
02/26 21:05:19.720: [dbi] INFO: MongoDB URI: 'mongodb://172.22.0.2/open5gs' (../lib/dbi/ogs-mongoc.c:130)
02/26 21:05:19.781: [app] INFO: PCRF initialize...done (../src/pcrf/app-init.c:31)
02/26 21:05:19.783: [diam] INFO: CONNECTED TO 'smf.epc.mnc001.mcc001.3gppnetwork.org' (SCTP,soc#16): (../lib/diameter/common/logger.c:108)
Open5GS daemon v2.4.4-10-g757285b

02/27 00:53:42.733: [app] INFO: Configuration: '/open5gs/install/etc/open5gs/pcrf.yaml' (../lib/app/ogs-init.c:129)
02/27 00:53:42.733: [app] INFO: File Logging: '/open5gs/install/var/log/open5gs/pcrf.log' (../lib/app/ogs-init.c:132)
02/27 00:53:42.738: [dbi] INFO: MongoDB URI: 'mongodb://172.22.0.2/open5gs' (../lib/dbi/ogs-mongoc.c:130)
02/27 00:53:42.778: [app] INFO: PCRF initialize...done (../src/pcrf/app-init.c:31)
02/27 00:53:42.781: [diam] INFO: CONNECTED TO 'smf.epc.mnc001.mcc001.3gppnetwork.org' (SCTP,soc#15): (../lib/diameter/common/logger.c:108)
Open5GS daemon v2.4.4-10-g757285b

02/27 00:54:59.374: [app] INFO: Configuration: '/open5gs/install/etc/open5gs/pcrf.yaml' (../lib/app/ogs-init.c:129)
02/27 00:54:59.374: [app] INFO: File Logging: '/open5gs/install/var/log/open5gs/pcrf.log' (../lib/app/ogs-init.c:132)
02/27 00:54:59.376: [dbi] INFO: MongoDB URI: 'mongodb://172.22.0.2/open5gs' (../lib/dbi/ogs-mongoc.c:130)
02/27 00:54:59.406: [app] INFO: PCRF initialize...done (../src/pcrf/app-init.c:31)
02/27 00:54:59.408: [diam] INFO: CONNECTED TO 'smf.epc.mnc001.mcc001.3gppnetwork.org' (SCTP,soc#15): (../lib/diameter/common/logger.c:108)
Open5GS daemon v2.4.4-10-g757285b

02/27 01:08:08.794: [app] INFO: Configuration: '/open5gs/install/etc/open5gs/pcrf.yaml' (../lib/app/ogs-init.c:129)
02/27 01:08:08.794: [app] INFO: File Logging: '/open5gs/install/var/log/open5gs/pcrf.log' (../lib/app/ogs-init.c:132)
02/27 01:08:08.796: [dbi] INFO: MongoDB URI: 'mongodb://172.22.0.2/open5gs' (../lib/dbi/ogs-mongoc.c:130)
02/27 01:08:08.831: [app] INFO: PCRF initialize...done (../src/pcrf/app-init.c:31)
02/27 01:08:08.834: [diam] INFO: CONNECTED TO 'smf.epc.mnc001.mcc001.3gppnetwork.org' (SCTP,soc#16): (../lib/diameter/common/logger.c:108)
Open5GS daemon v2.4.4-10-g757285b

02/28 19:39:58.914: [app] INFO: Configuration: '/open5gs/install/etc/open5gs/pcrf.yaml' (../lib/app/ogs-init.c:129)
02/28 19:39:58.914: [app] INFO: File Logging: '/open5gs/install/var/log/open5gs/pcrf.log' (../lib/app/ogs-init.c:132)
02/28 19:40:01.965: [dbi] WARNING: Failed to connect to server [mongodb://172.22.0.2/open5gs] (../lib/dbi/ogs-mongoc.c:122)
02/28 19:40:01.965: [app] WARNING: Failed to intialize PCRF (../src/pcrf/app-init.c:28)
