Open5GS daemon v2.4.4-10-g757285b

02/20 20:41:37.298: [app] INFO: Configuration: '/open5gs/install/etc/open5gs/udm.yaml' (../lib/app/ogs-init.c:129)
02/20 20:41:37.298: [app] INFO: File Logging: '/open5gs/install/var/log/open5gs/udm.log' (../lib/app/ogs-init.c:132)
02/20 20:41:37.299: [sbi] INFO: nghttp2_server() [172.22.0.13]:7777 (../lib/sbi/nghttp2-server.c:144)
02/20 20:41:37.300: [app] INFO: UDM initialize...done (../src/udm/app.c:31)
02/20 20:41:37.301: [udm] INFO: [d3617172-9252-41ec-82e7-754bc3d37d62] NF registred [Heartbeat:10s] (../src/udm/nf-sm.c:198)
02/20 20:41:47.753: [udm] INFO: [d99ba544-9252-41ec-a000-732401bd1c88] (NRF-notify) NF registered (../src/udm/nnrf-handler.c:180)
02/20 20:41:47.753: [udm] INFO: [d99ba544-9252-41ec-a000-732401bd1c88] (NRF-notify) NF Profile updated (../src/udm/nnrf-handler.c:199)
Open5GS daemon v2.4.4-10-g757285b

02/25 23:39:54.124: [app] INFO: Configuration: '/open5gs/install/etc/open5gs/udm.yaml' (../lib/app/ogs-init.c:129)
02/25 23:39:54.124: [app] INFO: File Logging: '/open5gs/install/var/log/open5gs/udm.log' (../lib/app/ogs-init.c:132)
02/25 23:39:54.125: [sbi] INFO: nghttp2_server() [172.22.0.13]:7777 (../lib/sbi/nghttp2-server.c:144)
02/25 23:39:54.125: [app] INFO: UDM initialize...done (../src/udm/app.c:31)
02/25 23:39:54.128: [udm] INFO: [8f404c2e-9659-41ec-8131-d51bc30aefc0] NF registred [Heartbeat:10s] (../src/udm/nf-sm.c:198)
02/25 23:40:04.197: [udm] INFO: [95404174-9659-41ec-84ea-6d218e606813] (NRF-notify) NF registered (../src/udm/nnrf-handler.c:180)
02/25 23:40:04.197: [udm] INFO: [95404174-9659-41ec-84ea-6d218e606813] (NRF-notify) NF Profile updated (../src/udm/nnrf-handler.c:199)
Open5GS daemon v2.4.4-10-g757285b

02/26 17:00:43.932: [app] INFO: Configuration: '/open5gs/install/etc/open5gs/udm.yaml' (../lib/app/ogs-init.c:129)
02/26 17:00:43.932: [app] INFO: File Logging: '/open5gs/install/var/log/open5gs/udm.log' (../lib/app/ogs-init.c:132)
02/26 17:00:43.934: [sbi] INFO: nghttp2_server() [172.22.0.13]:7777 (../lib/sbi/nghttp2-server.c:144)
02/26 17:00:43.935: [app] INFO: UDM initialize...done (../src/udm/app.c:31)
02/26 17:00:43.938: [udm] INFO: [f63cbd4a-96ea-41ec-94bd-2baf12765c59] NF registred [Heartbeat:10s] (../src/udm/nf-sm.c:198)
02/26 17:00:53.635: [udm] INFO: [fc0430f0-96ea-41ec-9c18-e7014e905431] (NRF-notify) NF registered (../src/udm/nnrf-handler.c:180)
02/26 17:00:53.635: [udm] INFO: [fc0430f0-96ea-41ec-9c18-e7014e905431] (NRF-notify) NF Profile updated (../src/udm/nnrf-handler.c:199)
Open5GS daemon v2.4.4-10-g757285b

02/26 17:09:12.265: [app] INFO: Configuration: '/open5gs/install/etc/open5gs/udm.yaml' (../lib/app/ogs-init.c:129)
02/26 17:09:12.265: [app] INFO: File Logging: '/open5gs/install/var/log/open5gs/udm.log' (../lib/app/ogs-init.c:132)
02/26 17:09:12.266: [sbi] INFO: nghttp2_server() [172.22.0.13]:7777 (../lib/sbi/nghttp2-server.c:144)
02/26 17:09:12.267: [app] INFO: UDM initialize...done (../src/udm/app.c:31)
02/26 17:09:12.270: [udm] INFO: [253a309a-96ec-41ec-8042-9db039940307] NF registred [Heartbeat:10s] (../src/udm/nf-sm.c:198)
02/26 17:09:24.423: [udm] INFO: [2c78b408-96ec-41ec-8b29-93eff4d434f5] (NRF-notify) NF registered (../src/udm/nnrf-handler.c:180)
02/26 17:09:24.424: [udm] INFO: [2c78b408-96ec-41ec-8b29-93eff4d434f5] (NRF-notify) NF Profile updated (../src/udm/nnrf-handler.c:199)
Open5GS daemon v2.4.4-10-g757285b

02/26 21:05:11.046: [app] INFO: Configuration: '/open5gs/install/etc/open5gs/udm.yaml' (../lib/app/ogs-init.c:129)
02/26 21:05:11.046: [app] INFO: File Logging: '/open5gs/install/var/log/open5gs/udm.log' (../lib/app/ogs-init.c:132)
02/26 21:05:11.047: [sbi] INFO: nghttp2_server() [172.22.0.13]:7777 (../lib/sbi/nghttp2-server.c:144)
02/26 21:05:11.047: [app] INFO: UDM initialize...done (../src/udm/app.c:31)
02/26 21:05:11.050: [udm] INFO: [1c84afe0-970d-41ec-8319-57725f4c7619] NF registred [Heartbeat:10s] (../src/udm/nf-sm.c:198)
02/26 21:05:19.928: [udm] INFO: [21cf4f6e-970d-41ec-b33a-158d592db013] (NRF-notify) NF registered (../src/udm/nnrf-handler.c:180)
02/26 21:05:19.928: [udm] INFO: [21cf4f6e-970d-41ec-b33a-158d592db013] (NRF-notify) NF Profile updated (../src/udm/nnrf-handler.c:199)
02/26 22:03:18.193: [udm] ERROR: [suci-0-001-01-0000-0-0-1234567899] Re-synch MAC failed (../src/udm/nudm-handler.c:127)
[MAC_S] 0000: 0f9d14da fdddbcda                     ........
0000: d5aededa ad296dd1                     .....)m.
0000: b6d28da7 2a4c                         ....*L
02/26 22:03:20.005: [udm] ERROR: [suci-0-001-01-0000-0-0-1234567897] Re-synch MAC failed (../src/udm/nudm-handler.c:127)
[MAC_S] 0000: d31e0c22 3bf156f3                     ...";.V.
0000: bc694836 600a25d3                     .iH6`.%.
0000: 91639d8a f283                         .c....
02/26 22:03:21.015: [udm] ERROR: [suci-0-001-01-0000-0-0-1234567898] Re-synch MAC failed (../src/udm/nudm-handler.c:127)
[MAC_S] 0000: b877f459 a1d1cb3c                     .w.Y...<
0000: e7d7dc39 d644b771                     ...9.D.q
0000: 5b518014 12af                         [Q....
02/26 22:06:50.077: [udm] ERROR: [suci-0-001-01-0000-0-0-1234567899] Re-synch MAC failed (../src/udm/nudm-handler.c:127)
[MAC_S] 0000: c8fa14fa 3cfc7a14                     ....<.z.
0000: dbd3848f 31c57e78                     ....1.~x
0000: 840a3451 e925                         ..4Q.%
02/26 22:06:50.293: [udm] ERROR: [suci-0-001-01-0000-0-0-1234567897] Re-synch MAC failed (../src/udm/nudm-handler.c:127)
[MAC_S] 0000: 3e836903 f8700c0b                     >.i..p..
0000: f558458e 9e1fb82b                     .XE....+
0000: 7451e88d ec35                         tQ...5
02/26 22:06:50.503: [udm] ERROR: [suci-0-001-01-0000-0-0-1234567898] Re-synch MAC failed (../src/udm/nudm-handler.c:127)
[MAC_S] 0000: 970c75d1 751bcab8                     ..u.u...
0000: de14be0f 2ca41066                     ....,..f
0000: 0c89c916 1ac2                         ......
Open5GS daemon v2.4.4-10-g757285b

02/27 00:53:29.689: [app] INFO: Configuration: '/open5gs/install/etc/open5gs/udm.yaml' (../lib/app/ogs-init.c:129)
02/27 00:53:29.689: [app] INFO: File Logging: '/open5gs/install/var/log/open5gs/udm.log' (../lib/app/ogs-init.c:132)
02/27 00:53:29.690: [sbi] INFO: nghttp2_server() [172.22.0.13]:7777 (../lib/sbi/nghttp2-server.c:144)
02/27 00:53:29.691: [app] INFO: UDM initialize...done (../src/udm/app.c:31)
02/27 00:53:29.693: [udm] INFO: [018bd234-972d-41ec-9c8a-f17833ba3026] NF registred [Heartbeat:10s] (../src/udm/nf-sm.c:198)
02/27 00:53:41.289: [udm] INFO: [0875037c-972d-41ec-ab77-afb957f49a34] (NRF-notify) NF registered (../src/udm/nnrf-handler.c:180)
02/27 00:53:41.289: [udm] INFO: [0875037c-972d-41ec-ab77-afb957f49a34] (NRF-notify) NF Profile updated (../src/udm/nnrf-handler.c:199)
Open5GS daemon v2.4.4-10-g757285b

02/27 00:54:52.857: [app] INFO: Configuration: '/open5gs/install/etc/open5gs/udm.yaml' (../lib/app/ogs-init.c:129)
02/27 00:54:52.857: [app] INFO: File Logging: '/open5gs/install/var/log/open5gs/udm.log' (../lib/app/ogs-init.c:132)
02/27 00:54:52.859: [sbi] INFO: nghttp2_server() [172.22.0.13]:7777 (../lib/sbi/nghttp2-server.c:144)
02/27 00:54:52.870: [app] INFO: UDM initialize...done (../src/udm/app.c:31)
02/27 00:54:52.875: [udm] INFO: [331e58a8-972d-41ec-920b-3397fc322efb] NF registred [Heartbeat:10s] (../src/udm/nf-sm.c:198)
02/27 00:54:59.891: [udm] INFO: [374e9c08-972d-41ec-89c1-b1fe4a93691c] (NRF-notify) NF registered (../src/udm/nnrf-handler.c:180)
02/27 00:54:59.891: [udm] INFO: [374e9c08-972d-41ec-89c1-b1fe4a93691c] (NRF-notify) NF Profile updated (../src/udm/nnrf-handler.c:199)
Open5GS daemon v2.4.4-10-g757285b

02/27 01:08:00.357: [app] INFO: Configuration: '/open5gs/install/etc/open5gs/udm.yaml' (../lib/app/ogs-init.c:129)
02/27 01:08:00.357: [app] INFO: File Logging: '/open5gs/install/var/log/open5gs/udm.log' (../lib/app/ogs-init.c:132)
02/27 01:08:00.358: [sbi] INFO: nghttp2_server() [172.22.0.13]:7777 (../lib/sbi/nghttp2-server.c:144)
02/27 01:08:00.359: [app] INFO: UDM initialize...done (../src/udm/app.c:31)
02/27 01:08:00.360: [udm] INFO: [08812574-972f-41ec-9575-cfd7ffb921b6] NF registred [Heartbeat:10s] (../src/udm/nf-sm.c:198)
02/27 01:08:11.495: [udm] INFO: [0f23ee48-972f-41ec-a516-f182046fd3c2] (NRF-notify) NF registered (../src/udm/nnrf-handler.c:180)
02/27 01:08:11.495: [udm] INFO: [0f23ee48-972f-41ec-a516-f182046fd3c2] (NRF-notify) NF Profile updated (../src/udm/nnrf-handler.c:199)
Open5GS daemon v2.4.4-10-g757285b

02/28 19:39:53.280: [app] INFO: Configuration: '/open5gs/install/etc/open5gs/udm.yaml' (../lib/app/ogs-init.c:129)
02/28 19:39:53.280: [app] INFO: File Logging: '/open5gs/install/var/log/open5gs/udm.log' (../lib/app/ogs-init.c:132)
02/28 19:39:53.291: [sbi] INFO: nghttp2_server() [172.22.0.13]:7777 (../lib/sbi/nghttp2-server.c:144)
02/28 19:39:53.294: [app] INFO: UDM initialize...done (../src/udm/app.c:31)
02/28 19:39:53.295: [udm] INFO: [86eb5a5a-9893-41ec-87d0-7b94622a2369] NF registred [Heartbeat:10s] (../src/udm/nf-sm.c:198)
02/28 19:39:54.275: [app] WARNING: Try to discover [UDR] (../lib/sbi/path.c:110)
02/28 19:39:54.276: [udm] ERROR: (NF discover) No [UDR] (../src/udm/nnrf-handler.c:337)
02/28 19:39:54.470: [app] WARNING: Try to discover [UDR] (../lib/sbi/path.c:110)
02/28 19:39:54.471: [app] WARNING: Try to discover [UDR] (../lib/sbi/path.c:110)
02/28 19:39:54.471: [udm] ERROR: (NF discover) No [UDR] (../src/udm/nnrf-handler.c:337)
02/28 19:39:54.471: [udm] ERROR: (NF discover) No [UDR] (../src/udm/nnrf-handler.c:337)
02/28 19:39:54.805: [app] WARNING: Try to discover [UDR] (../lib/sbi/path.c:110)
02/28 19:39:54.806: [udm] ERROR: (NF discover) No [UDR] (../src/udm/nnrf-handler.c:337)
02/28 19:39:55.173: [app] WARNING: Try to discover [UDR] (../lib/sbi/path.c:110)
02/28 19:39:55.174: [udm] ERROR: (NF discover) No [UDR] (../src/udm/nnrf-handler.c:337)
02/28 19:39:56.041: [app] WARNING: Try to discover [UDR] (../lib/sbi/path.c:110)
02/28 19:39:56.041: [udm] ERROR: (NF discover) No [UDR] (../src/udm/nnrf-handler.c:337)
02/28 19:39:59.486: [app] WARNING: Try to discover [UDR] (../lib/sbi/path.c:110)
02/28 19:39:59.486: [udm] ERROR: (NF discover) No [UDR] (../src/udm/nnrf-handler.c:337)
02/28 19:39:59.690: [app] WARNING: Try to discover [UDR] (../lib/sbi/path.c:110)
02/28 19:39:59.690: [udm] ERROR: (NF discover) No [UDR] (../src/udm/nnrf-handler.c:337)
02/28 19:39:59.732: [app] WARNING: Try to discover [UDR] (../lib/sbi/path.c:110)
02/28 19:39:59.732: [udm] ERROR: (NF discover) No [UDR] (../src/udm/nnrf-handler.c:337)
02/28 19:39:59.976: [app] WARNING: Try to discover [UDR] (../lib/sbi/path.c:110)
02/28 19:39:59.978: [udm] ERROR: (NF discover) No [UDR] (../src/udm/nnrf-handler.c:337)
02/28 19:40:00.040: [app] WARNING: Try to discover [UDR] (../lib/sbi/path.c:110)
02/28 19:40:00.041: [udm] ERROR: (NF discover) No [UDR] (../src/udm/nnrf-handler.c:337)
02/28 19:40:00.237: [app] WARNING: Try to discover [UDR] (../lib/sbi/path.c:110)
02/28 19:40:00.237: [app] WARNING: Try to discover [UDR] (../lib/sbi/path.c:110)
02/28 19:40:00.237: [udm] ERROR: (NF discover) No [UDR] (../src/udm/nnrf-handler.c:337)
02/28 19:40:00.237: [udm] ERROR: (NF discover) No [UDR] (../src/udm/nnrf-handler.c:337)
02/28 19:40:00.238: [app] WARNING: Try to discover [UDR] (../lib/sbi/path.c:110)
02/28 19:40:00.238: [udm] ERROR: (NF discover) No [UDR] (../src/udm/nnrf-handler.c:337)
02/28 19:40:00.239: [app] WARNING: Try to discover [UDR] (../lib/sbi/path.c:110)
02/28 19:40:00.240: [udm] ERROR: (NF discover) No [UDR] (../src/udm/nnrf-handler.c:337)
02/28 19:40:00.370: [app] WARNING: Try to discover [UDR] (../lib/sbi/path.c:110)
02/28 19:40:00.370: [udm] ERROR: (NF discover) No [UDR] (../src/udm/nnrf-handler.c:337)
02/28 19:40:00.574: [app] WARNING: Try to discover [UDR] (../lib/sbi/path.c:110)
02/28 19:40:00.574: [app] WARNING: Try to discover [UDR] (../lib/sbi/path.c:110)
02/28 19:40:00.574: [app] WARNING: Try to discover [UDR] (../lib/sbi/path.c:110)
02/28 19:40:00.574: [udm] ERROR: (NF discover) No [UDR] (../src/udm/nnrf-handler.c:337)
02/28 19:40:00.574: [udm] ERROR: (NF discover) No [UDR] (../src/udm/nnrf-handler.c:337)
02/28 19:40:00.574: [udm] ERROR: (NF discover) No [UDR] (../src/udm/nnrf-handler.c:337)
02/28 19:40:00.651: [app] WARNING: Try to discover [UDR] (../lib/sbi/path.c:110)
02/28 19:40:00.651: [udm] ERROR: (NF discover) No [UDR] (../src/udm/nnrf-handler.c:337)
02/28 19:40:00.674: [app] WARNING: Try to discover [UDR] (../lib/sbi/path.c:110)
02/28 19:40:00.675: [udm] ERROR: (NF discover) No [UDR] (../src/udm/nnrf-handler.c:337)
02/28 19:40:00.854: [app] WARNING: Try to discover [UDR] (../lib/sbi/path.c:110)
02/28 19:40:00.854: [app] WARNING: Try to discover [UDR] (../lib/sbi/path.c:110)
02/28 19:40:00.855: [app] WARNING: Try to discover [UDR] (../lib/sbi/path.c:110)
02/28 19:40:00.855: [udm] ERROR: (NF discover) No [UDR] (../src/udm/nnrf-handler.c:337)
02/28 19:40:00.856: [udm] ERROR: (NF discover) No [UDR] (../src/udm/nnrf-handler.c:337)
02/28 19:40:00.856: [udm] ERROR: (NF discover) No [UDR] (../src/udm/nnrf-handler.c:337)
02/28 19:40:01.106: [app] WARNING: Try to discover [UDR] (../lib/sbi/path.c:110)
02/28 19:40:01.108: [udm] ERROR: (NF discover) No [UDR] (../src/udm/nnrf-handler.c:337)
02/28 19:40:01.108: [app] WARNING: Try to discover [UDR] (../lib/sbi/path.c:110)
02/28 19:40:01.108: [app] WARNING: Try to discover [UDR] (../lib/sbi/path.c:110)
02/28 19:40:01.108: [app] WARNING: Try to discover [UDR] (../lib/sbi/path.c:110)
02/28 19:40:01.108: [udm] ERROR: (NF discover) No [UDR] (../src/udm/nnrf-handler.c:337)
02/28 19:40:01.108: [udm] ERROR: (NF discover) No [UDR] (../src/udm/nnrf-handler.c:337)
02/28 19:40:01.108: [udm] ERROR: (NF discover) No [UDR] (../src/udm/nnrf-handler.c:337)
02/28 19:40:01.222: [app] WARNING: Try to discover [UDR] (../lib/sbi/path.c:110)
02/28 19:40:01.222: [app] WARNING: Try to discover [UDR] (../lib/sbi/path.c:110)
02/28 19:40:01.222: [app] WARNING: Try to discover [UDR] (../lib/sbi/path.c:110)
02/28 19:40:01.223: [udm] ERROR: (NF discover) No [UDR] (../src/udm/nnrf-handler.c:337)
02/28 19:40:01.223: [udm] ERROR: (NF discover) No [UDR] (../src/udm/nnrf-handler.c:337)
02/28 19:40:01.223: [udm] ERROR: (NF discover) No [UDR] (../src/udm/nnrf-handler.c:337)
02/28 19:40:01.228: [app] WARNING: Try to discover [UDR] (../lib/sbi/path.c:110)
02/28 19:40:01.231: [udm] ERROR: (NF discover) No [UDR] (../src/udm/nnrf-handler.c:337)
02/28 19:40:01.526: [app] WARNING: Try to discover [UDR] (../lib/sbi/path.c:110)
02/28 19:40:01.526: [app] WARNING: Try to discover [UDR] (../lib/sbi/path.c:110)
02/28 19:40:01.527: [app] WARNING: Try to discover [UDR] (../lib/sbi/path.c:110)
02/28 19:40:01.527: [udm] ERROR: (NF discover) No [UDR] (../src/udm/nnrf-handler.c:337)
02/28 19:40:01.527: [udm] ERROR: (NF discover) No [UDR] (../src/udm/nnrf-handler.c:337)
02/28 19:40:01.527: [udm] ERROR: (NF discover) No [UDR] (../src/udm/nnrf-handler.c:337)
02/28 19:40:01.737: [app] WARNING: Try to discover [UDR] (../lib/sbi/path.c:110)
02/28 19:40:01.737: [udm] ERROR: (NF discover) No [UDR] (../src/udm/nnrf-handler.c:337)
02/28 19:40:01.938: [app] WARNING: Try to discover [UDR] (../lib/sbi/path.c:110)
02/28 19:40:01.939: [udm] ERROR: (NF discover) No [UDR] (../src/udm/nnrf-handler.c:337)
02/28 19:40:01.939: [app] WARNING: Try to discover [UDR] (../lib/sbi/path.c:110)
02/28 19:40:01.940: [udm] ERROR: (NF discover) No [UDR] (../src/udm/nnrf-handler.c:337)
02/28 19:40:01.940: [app] WARNING: Try to discover [UDR] (../lib/sbi/path.c:110)
02/28 19:40:01.940: [udm] ERROR: (NF discover) No [UDR] (../src/udm/nnrf-handler.c:337)
02/28 19:40:01.940: [app] WARNING: Try to discover [UDR] (../lib/sbi/path.c:110)
02/28 19:40:01.940: [udm] ERROR: (NF discover) No [UDR] (../src/udm/nnrf-handler.c:337)
02/28 19:40:02.142: [app] WARNING: Try to discover [UDR] (../lib/sbi/path.c:110)
02/28 19:40:02.142: [udm] ERROR: (NF discover) No [UDR] (../src/udm/nnrf-handler.c:337)
02/28 19:40:02.546: [app] WARNING: Try to discover [UDR] (../lib/sbi/path.c:110)
02/28 19:40:02.546: [udm] ERROR: (NF discover) No [UDR] (../src/udm/nnrf-handler.c:337)
02/28 19:40:03.299: [app] WARNING: Try to discover [UDR] (../lib/sbi/path.c:110)
02/28 19:40:03.300: [udm] ERROR: (NF discover) No [UDR] (../src/udm/nnrf-handler.c:337)
02/28 19:40:03.583: [app] WARNING: Try to discover [UDR] (../lib/sbi/path.c:110)
02/28 19:40:03.583: [udm] ERROR: (NF discover) No [UDR] (../src/udm/nnrf-handler.c:337)
02/28 19:40:03.790: [app] WARNING: Try to discover [UDR] (../lib/sbi/path.c:110)
02/28 19:40:03.790: [app] WARNING: Try to discover [UDR] (../lib/sbi/path.c:110)
02/28 19:40:03.791: [udm] ERROR: (NF discover) No [UDR] (../src/udm/nnrf-handler.c:337)
02/28 19:40:03.791: [udm] ERROR: (NF discover) No [UDR] (../src/udm/nnrf-handler.c:337)
02/28 19:40:04.276: [udm] ERROR: Cannot receive SBI message (../src/udm/udm-sm.c:393)
02/28 19:40:04.471: [udm] ERROR: Cannot receive SBI message (../src/udm/udm-sm.c:393)
02/28 19:40:04.471: [udm] ERROR: Cannot receive SBI message (../src/udm/udm-sm.c:393)
02/28 19:40:04.475: [app] WARNING: Try to discover [UDR] (../lib/sbi/path.c:110)
02/28 19:40:04.475: [app] WARNING: Try to discover [UDR] (../lib/sbi/path.c:110)
02/28 19:40:04.477: [udm] ERROR: (NF discover) No [UDR] (../src/udm/nnrf-handler.c:337)
02/28 19:40:04.477: [udm] ERROR: (NF discover) No [UDR] (../src/udm/nnrf-handler.c:337)
02/28 19:40:04.682: [app] WARNING: Try to discover [UDR] (../lib/sbi/path.c:110)
02/28 19:40:04.682: [udm] ERROR: (NF discover) No [UDR] (../src/udm/nnrf-handler.c:337)
02/28 19:40:04.807: [udm] ERROR: Cannot receive SBI message (../src/udm/udm-sm.c:393)
02/28 19:40:05.174: [udm] ERROR: Cannot receive SBI message (../src/udm/udm-sm.c:393)
02/28 19:40:06.042: [udm] ERROR: Cannot receive SBI message (../src/udm/udm-sm.c:393)
02/28 19:40:09.487: [udm] ERROR: Cannot receive SBI message (../src/udm/udm-sm.c:393)
02/28 19:40:09.691: [udm] ERROR: Cannot receive SBI message (../src/udm/udm-sm.c:393)
02/28 19:40:09.733: [udm] ERROR: Cannot receive SBI message (../src/udm/udm-sm.c:393)
02/28 19:40:09.977: [udm] ERROR: Cannot receive SBI message (../src/udm/udm-sm.c:393)
02/28 19:40:10.040: [udm] ERROR: Cannot receive SBI message (../src/udm/udm-sm.c:393)
02/28 19:40:10.237: [udm] ERROR: Cannot receive SBI message (../src/udm/udm-sm.c:393)
02/28 19:40:10.238: [sbi] FATAL: server_send_response: Assertion `fd != INVALID_SOCKET' failed. (../lib/sbi/nghttp2-server.c:309)
02/28 19:40:10.238: [core] FATAL: backtrace() returned 11 addresses (../lib/core/ogs-abort.c:37)
/open5gs/install/lib/x86_64-linux-gnu/libogssbi.so.2(+0x24e57) [0x7f09dce98e57]
/open5gs/install/lib/x86_64-linux-gnu/libogssbi.so.2(ogs_sbi_server_send_response+0x2f) [0x7f09dce9f125]
/open5gs/install/lib/x86_64-linux-gnu/libogssbi.so.2(ogs_sbi_server_send_problem+0x1e2) [0x7f09dce9f309]
/open5gs/install/lib/x86_64-linux-gnu/libogssbi.so.2(ogs_sbi_server_send_error+0x265) [0x7f09dce9f589]
./open5gs-udmd(+0xda78) [0x561ba6e65a78]
/open5gs/install/lib/x86_64-linux-gnu/libogscore.so.2(ogs_fsm_dispatch+0x4b) [0x7f09dcf00181]
./open5gs-udmd(+0x4fd9) [0x561ba6e5cfd9]
/open5gs/install/lib/x86_64-linux-gnu/libogscore.so.2(+0x16256) [0x7f09dcef3256]
/lib/x86_64-linux-gnu/libpthread.so.0(+0x9609) [0x7f09dc80c609]
/lib/x86_64-linux-gnu/libc.so.6(clone+0x43) [0x7f09dc96a293]
Open5GS daemon v2.4.4-10-g757285b

02/28 19:40:11.266: [app] INFO: Configuration: '/open5gs/install/etc/open5gs/udm.yaml' (../lib/app/ogs-init.c:129)
02/28 19:40:11.266: [app] INFO: File Logging: '/open5gs/install/var/log/open5gs/udm.log' (../lib/app/ogs-init.c:132)
02/28 19:40:11.267: [sbi] INFO: nghttp2_server() [172.22.0.13]:7777 (../lib/sbi/nghttp2-server.c:144)
02/28 19:40:11.268: [app] INFO: UDM initialize...done (../src/udm/app.c:31)
02/28 19:40:11.271: [udm] INFO: [91a3911a-9893-41ec-be78-3757ffe47503] NF registred [Heartbeat:10s] (../src/udm/nf-sm.c:198)
